#
# A fatal error has been detected by the Java Runtime Environment:
#
#  EXCEPTION_ACCESS_VIOLATION (0xc0000005) at pc=0x000000000452141b, pid=30596, tid=0x0000000000000434
#
# JRE version: Java(TM) SE Runtime Environment (8.0_181-b13) (build 1.8.0_181-b13)
# Java VM: Java HotSpot(TM) 64-Bit Server VM (25.181-b13 mixed mode windows-amd64 compressed oops)
# Problematic frame:
# J 8964 C2 sun.security.provider.ByteArrayAccess.b2iLittle64([BI[I)V (614 bytes) @ 0x000000000452141b [0x00000000045213e0+0x3b]
#
# Failed to write core dump. Minidumps are not enabled by default on client versions of Windows
#
# If you would like to submit a bug report, please visit:
#   http://bugreport.java.com/bugreport/crash.jsp
#

---------------  T H R E A D  ---------------

Current thread (0x00000000225d4800):  JavaThread "Execution worker for ':' Thread 3" [_thread_in_Java, id=1076, stack(0x0000000025740000,0x0000000025840000)]

siginfo: ExceptionCode=0xc0000005, reading address 0x00000000ac280000

Registers:
RAX=0x00000000b4e750e7, RBX=0x0000000000000010, RCX=0x00000000be9cab3e, RDX=0x00000000a23dabe1
RSP=0x000000002583e040, RBP=0x000000006415abf1, RSI=0x000000008e1bf612, RDI=0x00000000e4f9fc00
R8 =0x0000000009ea540f, R9 =0x00000000e4f9fc20, R10=0x0000000009ea541f, R11=0x0000000009ea541f
R12=0x0000000000000000, R13=0x0000000009ea540f, R14=0x0000000000000000, R15=0x00000000225d4800
RIP=0x000000000452141b, EFLAGS=0x0000000000010202

Top of Stack: (sp=0x000000002583e040)
0x000000002583e040:   0000000000000008 0000000000000000
0x000000002583e050:   0000000000000000 00000000b0ea4e68
0x000000002583e060:   000000000000000f 0000000000000202
0x000000002583e070:   000000006dffffc0 00000000044dfce8
0x000000002583e080:   00000000e4f9fb78 0000000000000000
0x000000002583e090:   0000000000000000 0000000000000000
0x000000002583e0a0:   0000000000000000 0000000000000000
0x000000002583e0b0:   0000000100853dc8 0000000000000283
0x000000002583e0c0:   000000006dffffc0 000000000469c7cc
0x000000002583e0d0:   00000000e4f9f618 e4f9f7b0e4f85cd0
0x000000002583e0e0:   0000000000000071 00000071e4f9f7b0
0x000000002583e0f0:   6e000000e4f9fc70 00000000a23dabe1
0x000000002583e100:   00000000e4f9fc70 00000000e4f9fb78
0x000000002583e110:   a23dabe109ea540f 00000000e4f9fc70
0x000000002583e120:   00000003e4f9fc70 000000006e000000
0x000000002583e130:   00000000a007d538 00000000a007d540 

Instructions: (pc=0x000000000452141b)
0x00000000045213fb:   83 fd 40 0f 8c 95 01 00 00 41 8b 59 0c 83 fb 10
0x000000000452140b:   0f 8c a4 01 00 00 45 8b d8 41 83 c3 10 4d 63 d3
0x000000000452141b:   42 8b 2c 12 83 fb 0f 0f 86 40 01 00 00 41 89 69
0x000000000452142b:   10 45 8b d0 41 83 c2 4c 45 8b d8 41 83 c3 48 4d 


Register to memory mapping:

RAX=0x00000000b4e750e7 is an unallocated location in the heap
RBX=0x0000000000000010 is an unknown value
RCX=0x00000000be9cab3e is an unallocated location in the heap
RDX=0x00000000a23dabe1 is pointing into object: 0x00000000a23dabe0
[B 
 - klass: {type array byte}
 - length: 16
RSP=0x000000002583e040 is pointing into the stack for thread: 0x00000000225d4800
RBP=0x000000006415abf1 is an unknown value
RSI=0x000000008e1bf612 is an unknown value
RDI=0x00000000e4f9fc00 is an oop
[I 
 - klass: {type array int}
 - length: 4
R8 =0x0000000009ea540f is an unknown value
R9 =0x00000000e4f9fc20 is an oop
[I 
 - klass: {type array int}
 - length: 16
R10=0x0000000009ea541f is an unknown value
R11=0x0000000009ea541f is an unknown value
R12=0x0000000000000000 is an unknown value
R13=0x0000000009ea540f is an unknown value
R14=0x0000000000000000 is an unknown value
R15=0x00000000225d4800 is a thread


Stack: [0x0000000025740000,0x0000000025840000],  sp=0x000000002583e040,  free space=1016k
Native frames: (J=compiled Java code, j=interpreted, Vv=VM code, C=native code)
C  0x000000000452141b


---------------  P R O C E S S  ---------------

Java Threads: ( => current thread )
  0x00000000225dc800 JavaThread "Cache worker for execution history cache (C:\Users\gmati\AndroidStudioProjects\MercadolibreDos\.gradle\5.6.4\executionHistory)" [_thread_blocked, id=8016, stack(0x0000000025b20000,0x0000000025c20000)]
=>0x00000000225d4800 JavaThread "Execution worker for ':' Thread 3" [_thread_in_Java, id=1076, stack(0x0000000025740000,0x0000000025840000)]
  0x00000000225da800 JavaThread "Execution worker for ':' Thread 2" [_thread_blocked, id=25200, stack(0x0000000025440000,0x0000000025540000)]
  0x00000000225d9800 JavaThread "Execution worker for ':'" [_thread_blocked, id=7900, stack(0x0000000023540000,0x0000000023640000)]
  0x00000000225d7800 JavaThread "Cache worker for file content cache (C:\Users\gmati\AndroidStudioProjects\MercadolibreDos\.gradle\5.6.4\fileContent)" [_thread_blocked, id=11132, stack(0x00000000210f0000,0x00000000211f0000)]
  0x00000000225d8000 JavaThread "Cache worker for Build Output Cleanup Cache (C:\Users\gmati\AndroidStudioProjects\MercadolibreDos\.gradle\buildOutputCleanup)" [_thread_blocked, id=28988, stack(0x0000000020ff0000,0x00000000210f0000)]
  0x00000000225d6800 JavaThread "Build operations Thread 4" [_thread_blocked, id=27664, stack(0x0000000024c30000,0x0000000024d30000)]
  0x00000000225d9000 JavaThread "Build operations Thread 3" [_thread_blocked, id=25772, stack(0x0000000024930000,0x0000000024a30000)]
  0x000000001a9c3000 JavaThread "Build operations Thread 2" [_thread_blocked, id=21692, stack(0x00000000206f0000,0x00000000207f0000)]
  0x000000001a9c2800 JavaThread "Build operations" [_thread_blocked, id=28464, stack(0x000000001fff0000,0x00000000200f0000)]
  0x000000001a9c1800 JavaThread "Cache worker for cache directory md-rule (C:\Users\gmati\.gradle\caches\5.6.4\md-rule)" [_thread_blocked, id=8008, stack(0x000000001fef0000,0x000000001fff0000)]
  0x000000001a9b9000 JavaThread "Cache worker for cache directory md-supplier (C:\Users\gmati\.gradle\caches\5.6.4\md-supplier)" [_thread_blocked, id=17440, stack(0x000000001fdf0000,0x000000001fef0000)]
  0x000000001a9c0000 JavaThread "Cache worker for file hash cache (C:\Users\gmati\AndroidStudioProjects\MercadolibreDos\.gradle\5.6.4\fileHashes)" [_thread_blocked, id=28836, stack(0x000000001f460000,0x000000001f560000)]
  0x000000001a9bf800 JavaThread "Thread-555" [_thread_blocked, id=30228, stack(0x000000001f360000,0x000000001f460000)]
  0x000000001a9be800 JavaThread "Stdin handler" [_thread_blocked, id=13792, stack(0x000000001e1c0000,0x000000001e2c0000)]
  0x000000001a9ba800 JavaThread "Asynchronous log dispatcher for DefaultDaemonConnection: socket connection from /127.0.0.1:63040 to /127.0.0.1:57289" [_thread_blocked, id=18108, stack(0x000000001d5c0000,0x000000001d6c0000)]
  0x000000001a9be000 JavaThread "Daemon worker Thread 21" [_thread_blocked, id=18156, stack(0x000000001bdf0000,0x000000001bef0000)]
  0x000000001a9bd000 JavaThread "Cancel handler" [_thread_blocked, id=19432, stack(0x000000001baf0000,0x000000001bbf0000)]
  0x000000001a9b5800 JavaThread "Handler for socket connection from /127.0.0.1:63040 to /127.0.0.1:57289" [_thread_in_native, id=27264, stack(0x000000001b9f0000,0x000000001baf0000)]
  0x000000001a9b4800 JavaThread "Daemon Thread 21" [_thread_blocked, id=23204, stack(0x000000001b6f0000,0x000000001b7f0000)]
  0x000000001a9c1000 JavaThread "Java2D Disposer" daemon [_thread_blocked, id=5352, stack(0x000000002ca40000,0x000000002cb40000)]
  0x000000001a81f000 JavaThread "Cache worker for Java compile cache (C:\Users\gmati\.gradle\caches\5.6.4\javaCompile)" [_thread_blocked, id=8064, stack(0x0000000025a20000,0x0000000025b20000)]
  0x00000000225dc000 JavaThread "RMI TCP Accept-0" daemon [_thread_in_native, id=19480, stack(0x000000002a060000,0x000000002a160000)]
  0x00000000225e2800 JavaThread "RMI Scheduler(0)" daemon [_thread_blocked, id=20156, stack(0x0000000029d60000,0x0000000029e60000)]
  0x0000000018885800 JavaThread "Cache worker for file content cache (C:\Users\gmati\.gradle\caches\5.6.4\fileContent)" [_thread_blocked, id=22648, stack(0x0000000024d40000,0x0000000024e40000)]
  0x000000001a9b8800 JavaThread "Memory manager" [_thread_blocked, id=12456, stack(0x00000000223c0000,0x00000000224c0000)]
  0x0000000018886000 JavaThread "Cache worker for execution history cache (C:\Users\gmati\.gradle\caches\5.6.4\executionHistory)" [_thread_blocked, id=27332, stack(0x000000001dec0000,0x000000001dfc0000)]
  0x0000000018882800 JavaThread "Cache worker for journal cache (C:\Users\gmati\.gradle\caches\journal-1)" [_thread_blocked, id=10700, stack(0x000000001c2f0000,0x000000001c3f0000)]
  0x0000000018884800 JavaThread "File lock request listener" [_thread_in_native, id=4244, stack(0x000000001c1f0000,0x000000001c2f0000)]
  0x0000000018880000 JavaThread "Cache worker for file hash cache (C:\Users\gmati\.gradle\caches\5.6.4\fileHashes)" [_thread_blocked, id=19048, stack(0x000000001c0f0000,0x000000001c1f0000)]
  0x0000000019e42800 JavaThread "Daemon periodic checks" [_thread_blocked, id=30040, stack(0x000000001b4f0000,0x000000001b5f0000)]
  0x0000000019e41000 JavaThread "Incoming local TCP Connector on port 63040" [_thread_in_native, id=12448, stack(0x000000001b2b0000,0x000000001b3b0000)]
  0x0000000019c24800 JavaThread "Daemon health stats" [_thread_blocked, id=20500, stack(0x0000000019ca0000,0x0000000019da0000)]
  0x00000000165dd000 JavaThread "Service Thread" daemon [_thread_blocked, id=4300, stack(0x00000000182d0000,0x00000000183d0000)]
  0x0000000017dd8800 JavaThread "C1 CompilerThread2" daemon [_thread_blocked, id=20600, stack(0x00000000181d0000,0x00000000182d0000)]
  0x00000000165d6000 JavaThread "C2 CompilerThread1" daemon [_thread_blocked, id=21920, stack(0x0000000017cd0000,0x0000000017dd0000)]
  0x0000000016581800 JavaThread "C2 CompilerThread0" daemon [_thread_blocked, id=3096, stack(0x0000000017bd0000,0x0000000017cd0000)]
  0x000000001657f800 JavaThread "Attach Listener" daemon [_thread_blocked, id=17824, stack(0x0000000017ad0000,0x0000000017bd0000)]
  0x000000001657e800 JavaThread "Signal Dispatcher" daemon [_thread_blocked, id=8456, stack(0x00000000179d0000,0x0000000017ad0000)]
  0x000000001656a800 JavaThread "Finalizer" daemon [_thread_blocked, id=10272, stack(0x00000000177d0000,0x00000000178d0000)]
  0x0000000002b90000 JavaThread "Reference Handler" daemon [_thread_blocked, id=25688, stack(0x00000000176d0000,0x00000000177d0000)]
  0x0000000002c0e000 JavaThread "main" [_thread_blocked, id=16388, stack(0x0000000001170000,0x0000000001270000)]

Other Threads:
  0x0000000016548000 VMThread [stack: 0x00000000175d0000,0x00000000176d0000] [id=17200]
  0x00000000165de800 WatcherThread [stack: 0x00000000183d0000,0x00000000184d0000] [id=28028]

VM state:not at safepoint (normal execution)

VM Mutex/Monitor currently owned by a thread: None

Heap:
 PSYoungGen      total 419840K, used 81634K [0x00000000e0000000, 0x0000000100000000, 0x0000000100000000)
  eden space 312832K, 26% used [0x00000000e0000000,0x00000000e4fb8a40,0x00000000f3180000)
  from space 107008K, 0% used [0x00000000f9780000,0x00000000f9780000,0x0000000100000000)
  to   space 104448K, 0% used [0x00000000f3180000,0x00000000f3180000,0x00000000f9780000)
 ParOldGen       total 199168K, used 57241K [0x00000000a0000000, 0x00000000ac280000, 0x00000000e0000000)
  object space 199168K, 28% used [0x00000000a0000000,0x00000000a37e6678,0x00000000ac280000)
 Metaspace       used 108425K, capacity 116012K, committed 118616K, reserved 1153024K
  class space    used 14237K, capacity 15450K, committed 16000K, reserved 1048576K

Card table byte_map: [0x0000000011fd0000,0x00000000122e0000] byte_map_base: 0x0000000011ad0000

Marking Bits: (ParMarkBitMap*) 0x0000000074382d00
 Begin Bits: [0x00000000128e0000, 0x00000000140e0000)
 End Bits:   [0x00000000140e0000, 0x00000000158e0000)

Polling page: 0x0000000000f80000

CodeCache: size=245760Kb used=73155Kb max_used=73241Kb free=172604Kb
 bounds [0x0000000002c10000, 0x0000000007420000, 0x0000000011c10000]
 total_blobs=22096 nmethods=21072 adapters=932
 compilation: enabled

Compilation events (10 events):
Event: 15276.764 Thread 0x0000000016581800 28102       4       org.gradle.api.internal.AbstractTask::dependsOn (20 bytes)
Event: 15276.766 Thread 0x00000000165d6000 28103       4       org.gradle.api.internal.AbstractTask$10::run (16 bytes)
Event: 15276.813 Thread 0x00000000165d6000 nmethod 28103 0x00000000044eb310 code [0x00000000044eb480, 0x00000000044eb758]
Event: 15276.813 Thread 0x0000000016581800 nmethod 28102 0x0000000002e0e190 code [0x0000000002e0e300, 0x0000000002e0e638]
Event: 15276.815 Thread 0x0000000017dd8800 28099       3       org.gradle.internal.resource.transport.gcp.gcs.GcsConnectorFactory::getSupportedProtocols (6 bytes)
Event: 15276.816 Thread 0x0000000017dd8800 nmethod 28099 0x0000000002e0f990 code [0x0000000002e0fb20, 0x0000000002e0feb0]
Event: 15276.818 Thread 0x0000000017dd8800 28100       3       org.gradle.internal.resource.transport.aws.s3.S3ConnectorFactory::getSupportedProtocols (6 bytes)
Event: 15276.819 Thread 0x0000000017dd8800 nmethod 28100 0x0000000002e0f290 code [0x0000000002e0f420, 0x0000000002e0f7b0]
Event: 15276.949 Thread 0x0000000017dd8800 28101       3       org.gradle.internal.resource.transport.sftp.SftpConnectorFactory::getSupportedProtocols (6 bytes)
Event: 15276.949 Thread 0x0000000017dd8800 nmethod 28101 0x0000000002e0eb90 code [0x0000000002e0ed20, 0x0000000002e0f0b0]

GC Heap History (10 events):
Event: 14228.539 GC heap before
{Heap before GC invocations=67 (full 8):
 PSYoungGen      total 411136K, used 386839K [0x00000000e0000000, 0x0000000100000000, 0x0000000100000000)
  eden space 315392K, 100% used [0x00000000e0000000,0x00000000f3400000,0x00000000f3400000)
  from space 95744K, 74% used [0x00000000fa280000,0x00000000fe845f18,0x0000000100000000)
  to   space 104448K, 0% used [0x00000000f3400000,0x00000000f3400000,0x00000000f9a00000)
 ParOldGen       total 199168K, used 78035K [0x00000000a0000000, 0x00000000ac280000, 0x00000000e0000000)
  object space 199168K, 39% used [0x00000000a0000000,0x00000000a4c34d80,0x00000000ac280000)
 Metaspace       used 109949K, capacity 118112K, committed 118616K, reserved 1153024K
  class space    used 14487K, capacity 15796K, committed 16000K, reserved 1048576K
Event: 14229.300 GC heap after
Heap after GC invocations=67 (full 8):
 PSYoungGen      total 419840K, used 20054K [0x00000000e0000000, 0x00000000fff80000, 0x0000000100000000)
  eden space 315392K, 0% used [0x00000000e0000000,0x00000000e0000000,0x00000000f3400000)
  from space 104448K, 19% used [0x00000000f3400000,0x00000000f4795a00,0x00000000f9a00000)
  to   space 99840K, 0% used [0x00000000f9e00000,0x00000000f9e00000,0x00000000fff80000)
 ParOldGen       total 199168K, used 78723K [0x00000000a0000000, 0x00000000ac280000, 0x00000000e0000000)
  object space 199168K, 39% used [0x00000000a0000000,0x00000000a4ce0dc0,0x00000000ac280000)
 Metaspace       used 109949K, capacity 118112K, committed 118616K, reserved 1153024K
  class space    used 14487K, capacity 15796K, committed 16000K, reserved 1048576K
}
Event: 14412.880 GC heap before
{Heap before GC invocations=68 (full 8):
 PSYoungGen      total 419840K, used 335446K [0x00000000e0000000, 0x00000000fff80000, 0x0000000100000000)
  eden space 315392K, 100% used [0x00000000e0000000,0x00000000f3400000,0x00000000f3400000)
  from space 104448K, 19% used [0x00000000f3400000,0x00000000f4795a00,0x00000000f9a00000)
  to   space 99840K, 0% used [0x00000000f9e00000,0x00000000f9e00000,0x00000000fff80000)
 ParOldGen       total 199168K, used 78723K [0x00000000a0000000, 0x00000000ac280000, 0x00000000e0000000)
  object space 199168K, 39% used [0x00000000a0000000,0x00000000a4ce0dc0,0x00000000ac280000)
 Metaspace       used 110044K, capacity 118176K, committed 118616K, reserved 1153024K
  class space    used 14487K, capacity 15796K, committed 16000K, reserved 1048576K
Event: 14412.913 GC heap after
Heap after GC invocations=68 (full 8):
 PSYoungGen      total 408576K, used 16299K [0x00000000e0000000, 0x00000000ff480000, 0x0000000100000000)
  eden space 320000K, 0% used [0x00000000e0000000,0x00000000e0000000,0x00000000f3880000)
  from space 88576K, 18% used [0x00000000f9e00000,0x00000000fadeaf90,0x00000000ff480000)
  to   space 96256K, 0% used [0x00000000f3880000,0x00000000f3880000,0x00000000f9680000)
 ParOldGen       total 199168K, used 78835K [0x00000000a0000000, 0x00000000ac280000, 0x00000000e0000000)
  object space 199168K, 39% used [0x00000000a0000000,0x00000000a4cfcdd0,0x00000000ac280000)
 Metaspace       used 110044K, capacity 118176K, committed 118616K, reserved 1153024K
  class space    used 14487K, capacity 15796K, committed 16000K, reserved 1048576K
}
Event: 14426.396 GC heap before
{Heap before GC invocations=69 (full 8):
 PSYoungGen      total 408576K, used 336169K [0x00000000e0000000, 0x00000000ff480000, 0x0000000100000000)
  eden space 320000K, 99% used [0x00000000e0000000,0x00000000f385f768,0x00000000f3880000)
  from space 88576K, 18% used [0x00000000f9e00000,0x00000000fadeaf90,0x00000000ff480000)
  to   space 96256K, 0% used [0x00000000f3880000,0x00000000f3880000,0x00000000f9680000)
 ParOldGen       total 199168K, used 78835K [0x00000000a0000000, 0x00000000ac280000, 0x00000000e0000000)
  object space 199168K, 39% used [0x00000000a0000000,0x00000000a4cfcdd0,0x00000000ac280000)
 Metaspace       used 110087K, capacity 118248K, committed 118616K, reserved 1153024K
  class space    used 14487K, capacity 15796K, committed 16000K, reserved 1048576K
Event: 14429.403 GC heap after
Heap after GC invocations=69 (full 8):
 PSYoungGen      total 416256K, used 77765K [0x00000000e0000000, 0x0000000100000000, 0x0000000100000000)
  eden space 320000K, 0% used [0x00000000e0000000,0x00000000e0000000,0x00000000f3880000)
  from space 96256K, 80% used [0x00000000f3880000,0x00000000f84714e0,0x00000000f9680000)
  to   space 107008K, 0% used [0x00000000f9780000,0x00000000f9780000,0x0000000100000000)
 ParOldGen       total 199168K, used 84694K [0x00000000a0000000, 0x00000000ac280000, 0x00000000e0000000)
  object space 199168K, 42% used [0x00000000a0000000,0x00000000a52b5ac0,0x00000000ac280000)
 Metaspace       used 110087K, capacity 118248K, committed 118616K, reserved 1153024K
  class space    used 14487K, capacity 15796K, committed 16000K, reserved 1048576K
}
Event: 15185.989 GC heap before
{Heap before GC invocations=70 (full 8):
 PSYoungGen      total 416256K, used 210496K [0x00000000e0000000, 0x0000000100000000, 0x0000000100000000)
  eden space 320000K, 41% used [0x00000000e0000000,0x00000000e819ec40,0x00000000f3880000)
  from space 96256K, 80% used [0x00000000f3880000,0x00000000f84714e0,0x00000000f9680000)
  to   space 107008K, 0% used [0x00000000f9780000,0x00000000f9780000,0x0000000100000000)
 ParOldGen       total 199168K, used 84694K [0x00000000a0000000, 0x00000000ac280000, 0x00000000e0000000)
  object space 199168K, 42% used [0x00000000a0000000,0x00000000a52b5ac0,0x00000000ac280000)
 Metaspace       used 110096K, capacity 118248K, committed 118616K, reserved 1153024K
  class space    used 14487K, capacity 15796K, committed 16000K, reserved 1048576K
Event: 15186.414 GC heap after
Heap after GC invocations=70 (full 8):
 PSYoungGen      total 419840K, used 7855K [0x00000000e0000000, 0x0000000100000000, 0x0000000100000000)
  eden space 312832K, 0% used [0x00000000e0000000,0x00000000e0000000,0x00000000f3180000)
  from space 107008K, 7% used [0x00000000f9780000,0x00000000f9f2bc60,0x0000000100000000)
  to   space 104448K, 0% used [0x00000000f3180000,0x00000000f3180000,0x00000000f9780000)
 ParOldGen       total 199168K, used 85509K [0x00000000a0000000, 0x00000000ac280000, 0x00000000e0000000)
  object space 199168K, 42% used [0x00000000a0000000,0x00000000a53817f0,0x00000000ac280000)
 Metaspace       used 110096K, capacity 118248K, committed 118616K, reserved 1153024K
  class space    used 14487K, capacity 15796K, committed 16000K, reserved 1048576K
}
Event: 15186.429 GC heap before
{Heap before GC invocations=71 (full 9):
 PSYoungGen      total 419840K, used 7855K [0x00000000e0000000, 0x0000000100000000, 0x0000000100000000)
  eden space 312832K, 0% used [0x00000000e0000000,0x00000000e0000000,0x00000000f3180000)
  from space 107008K, 7% used [0x00000000f9780000,0x00000000f9f2bc60,0x0000000100000000)
  to   space 104448K, 0% used [0x00000000f3180000,0x00000000f3180000,0x00000000f9780000)
 ParOldGen       total 199168K, used 85509K [0x00000000a0000000, 0x00000000ac280000, 0x00000000e0000000)
  object space 199168K, 42% used [0x00000000a0000000,0x00000000a53817f0,0x00000000ac280000)
 Metaspace       used 110096K, capacity 118248K, committed 118616K, reserved 1153024K
  class space    used 14487K, capacity 15796K, committed 16000K, reserved 1048576K
Event: 15202.185 GC heap after
Heap after GC invocations=71 (full 9):
 PSYoungGen      total 419840K, used 0K [0x00000000e0000000, 0x0000000100000000, 0x0000000100000000)
  eden space 312832K, 0% used [0x00000000e0000000,0x00000000e0000000,0x00000000f3180000)
  from space 107008K, 0% used [0x00000000f9780000,0x00000000f9780000,0x0000000100000000)
  to   space 104448K, 0% used [0x00000000f3180000,0x00000000f3180000,0x00000000f9780000)
 ParOldGen       total 199168K, used 57241K [0x00000000a0000000, 0x00000000ac280000, 0x00000000e0000000)
  object space 199168K, 28% used [0x00000000a0000000,0x00000000a37e6678,0x00000000ac280000)
 Metaspace       used 108410K, capacity 116012K, committed 118616K, reserved 1153024K
  class space    used 14237K, capacity 15450K, committed 16000K, reserved 1048576K
}

Deoptimization events (10 events):
Event: 11558.292 Thread 0x000000001a819800 Uncommon trap: reason=array_check action=maybe_recompile pc=0x0000000006811ff0 method=java.util.ComparableTimSort.reverseRange([Ljava/lang/Object;II)V @ 27
Event: 11558.387 Thread 0x000000001a819800 Uncommon trap: reason=bimorphic action=maybe_recompile pc=0x0000000003b87434 method=java.util.AbstractQueue.clear()V @ 1
Event: 11559.226 Thread 0x000000001a814000 Uncommon trap: reason=array_check action=maybe_recompile pc=0x0000000006d62250 method=java.util.TimSort.mergeLo(IIII)V @ 468
Event: 11559.250 Thread 0x000000001a814000 Uncommon trap: reason=class_check action=maybe_recompile pc=0x0000000005568c9c method=com.android.tools.r8.dex.DexOutputBuffer.g(I)V @ 108
Event: 12560.932 Thread 0x000000001a9b8800 Uncommon trap: reason=unstable_if action=reinterpret pc=0x00000000065db0c0 method=java.util.GregorianCalendar.computeFields(II)I @ 223
Event: 13823.750 Thread 0x000000001a81a800 Uncommon trap: reason=bimorphic action=maybe_recompile pc=0x00000000065a3840 method=org.objectweb.asm.ClassReader.readCode(Lorg/objectweb/asm/MethodVisitor;Lorg/objectweb/asm/Context;I)V @ 3856
Event: 13823.752 Thread 0x000000001a81a800 Uncommon trap: reason=bimorphic action=maybe_recompile pc=0x00000000065a3840 method=org.objectweb.asm.ClassReader.readCode(Lorg/objectweb/asm/MethodVisitor;Lorg/objectweb/asm/Context;I)V @ 3856
Event: 13826.147 Thread 0x000000001a815000 Uncommon trap: reason=array_check action=maybe_recompile pc=0x0000000006d62250 method=java.util.TimSort.mergeLo(IIII)V @ 468
Event: 14208.765 Thread 0x000000001a816800 Uncommon trap: reason=null_check action=make_not_entrant pc=0x0000000004515b68 method=org.gradle.api.internal.tasks.properties.bean.AbstractNestedRuntimeBeanNode$BeanPropertyValue.isConfigurable()Z @ 9
Event: 14310.557 Thread 0x000000001a81b000 Uncommon trap: reason=unstable_if action=reinterpret pc=0x0000000006a0b050 method=java.util.concurrent.ThreadPoolExecutor.getTask()Ljava/lang/Runnable; @ 34

Classes redefined (0 events):
No events

Internal exceptions (10 events):
Event: 14419.621 Thread 0x000000001a81f800 Exception <a 'java/lang/InterruptedException'> (0x00000000e6a5a348) thrown at [C:\re\workspace\8-2-build-windows-amd64-cygwin\jdk8u181\11358\hotspot\src\share\vm\runtime\objectMonitor.cpp, line 1684]
Event: 14424.408 Thread 0x000000001a81e000 Exception <a 'sun/nio/fs/WindowsException'> (0x00000000e79b3a08) thrown at [C:\re\workspace\8-2-build-windows-amd64-cygwin\jdk8u181\11358\hotspot\src\share\vm\prims\jni.cpp, line 709]
Event: 14424.617 Thread 0x000000001a81e000 Exception <a 'sun/nio/fs/WindowsException'> (0x00000000e7d49950) thrown at [C:\re\workspace\8-2-build-windows-amd64-cygwin\jdk8u181\11358\hotspot\src\share\vm\prims\jni.cpp, line 709]
Event: 14424.624 Thread 0x000000001a81e000 Exception <a 'sun/nio/fs/WindowsException'> (0x00000000e7dd3328) thrown at [C:\re\workspace\8-2-build-windows-amd64-cygwin\jdk8u181\11358\hotspot\src\share\vm\prims\jni.cpp, line 709]
Event: 14424.630 Thread 0x000000001a81e000 Exception <a 'sun/nio/fs/WindowsException'> (0x00000000e7ddc9f8) thrown at [C:\re\workspace\8-2-build-windows-amd64-cygwin\jdk8u181\11358\hotspot\src\share\vm\prims\jni.cpp, line 709]
Event: 14424.749 Thread 0x000000001a81e000 Exception <a 'sun/nio/fs/WindowsException'> (0x00000000e7de4510) thrown at [C:\re\workspace\8-2-build-windows-amd64-cygwin\jdk8u181\11358\hotspot\src\share\vm\prims\jni.cpp, line 709]
Event: 14424.754 Thread 0x000000001a81e000 Exception <a 'sun/nio/fs/WindowsException'> (0x00000000e7df9138) thrown at [C:\re\workspace\8-2-build-windows-amd64-cygwin\jdk8u181\11358\hotspot\src\share\vm\prims\jni.cpp, line 709]
Event: 14425.556 Thread 0x000000001a81d800 Exception <a 'sun/nio/fs/WindowsException'> (0x00000000e89c1160) thrown at [C:\re\workspace\8-2-build-windows-amd64-cygwin\jdk8u181\11358\hotspot\src\share\vm\prims\jni.cpp, line 709]
Event: 14429.694 Thread 0x000000001a9bf800 Exception <a 'sun/nio/fs/WindowsException'> (0x00000000e5ac46d8) thrown at [C:\re\workspace\8-2-build-windows-amd64-cygwin\jdk8u181\11358\hotspot\src\share\vm\prims\jni.cpp, line 709]
Event: 14430.404 Thread 0x00000000225d9000 Exception <a 'sun/nio/fs/WindowsException'> (0x00000000e77dcbb8) thrown at [C:\re\workspace\8-2-build-windows-amd64-cygwin\jdk8u181\11358\hotspot\src\share\vm\prims\jni.cpp, line 709]

Events (10 events):
Event: 15276.950 Thread 0x0000000017dd8800 flushing nmethod 0x0000000005064b10
Event: 15278.130 Thread 0x00000000225dc800 Thread added: 0x00000000225dc800
Event: 15278.579 Executing VM operation: RevokeBias
Event: 15278.579 Executing VM operation: RevokeBias done
Event: 15278.579 Executing VM operation: RevokeBias
Event: 15278.579 Executing VM operation: RevokeBias done
Event: 15278.579 Executing VM operation: RevokeBias
Event: 15278.579 Executing VM operation: RevokeBias done
Event: 15278.579 Executing VM operation: RevokeBias
Event: 15278.579 Executing VM operation: RevokeBias done


Dynamic libraries:
0x00007ff7c61d0000 - 0x00007ff7c6207000 	C:\Program Files\Java\jdk1.8.0_181\bin\java.exe
0x00007fffa4f00000 - 0x00007fffa50f0000 	C:\WINDOWS\SYSTEM32\ntdll.dll
0x00007fff6a1e0000 - 0x00007fff6a1f3000 	C:\Program Files\AVAST Software\Avast\aswhook.dll
0x00007fffa4510000 - 0x00007fffa45c2000 	C:\WINDOWS\System32\KERNEL32.DLL
0x00007fffa2a80000 - 0x00007fffa2d24000 	C:\WINDOWS\System32\KERNELBASE.dll
0x00007fffa3090000 - 0x00007fffa3133000 	C:\WINDOWS\System32\ADVAPI32.dll
0x00007fffa4810000 - 0x00007fffa48ae000 	C:\WINDOWS\System32\msvcrt.dll
0x00007fffa42a0000 - 0x00007fffa4337000 	C:\WINDOWS\System32\sechost.dll
0x00007fffa48b0000 - 0x00007fffa49d0000 	C:\WINDOWS\System32\RPCRT4.dll
0x00007fffa3a50000 - 0x00007fffa3be4000 	C:\WINDOWS\System32\USER32.dll
0x00007fffa28b0000 - 0x00007fffa28d1000 	C:\WINDOWS\System32\win32u.dll
0x00007fffa3060000 - 0x00007fffa3086000 	C:\WINDOWS\System32\GDI32.dll
0x00007fffa28e0000 - 0x00007fffa2a74000 	C:\WINDOWS\System32\gdi32full.dll
0x00007fffa2090000 - 0x00007fffa212e000 	C:\WINDOWS\System32\msvcp_win.dll
0x00007fffa2de0000 - 0x00007fffa2eda000 	C:\WINDOWS\System32\ucrtbase.dll
0x00007fff9abd0000 - 0x00007fff9ae54000 	C:\WINDOWS\WinSxS\amd64_microsoft.windows.common-controls_6595b64144ccf1df_6.0.18362.836_none_e6c4b943130f18ed\COMCTL32.dll
0x00007fffa4a30000 - 0x00007fffa4d66000 	C:\WINDOWS\System32\combase.dll
0x00007fffa2010000 - 0x00007fffa2090000 	C:\WINDOWS\System32\bcryptPrimitives.dll
0x00007fffa4dd0000 - 0x00007fffa4dfe000 	C:\WINDOWS\System32\IMM32.DLL
0x0000000074d30000 - 0x0000000074e02000 	C:\Program Files\Java\jdk1.8.0_181\jre\bin\msvcr100.dll
0x0000000073b60000 - 0x0000000074402000 	C:\Program Files\Java\jdk1.8.0_181\jre\bin\server\jvm.dll
0x00007fffa41c0000 - 0x00007fffa41c8000 	C:\WINDOWS\System32\PSAPI.DLL
0x00007fff98020000 - 0x00007fff98029000 	C:\WINDOWS\SYSTEM32\WSOCK32.dll
0x00007fffa4340000 - 0x00007fffa43af000 	C:\WINDOWS\System32\WS2_32.dll
0x00007fff9ddf0000 - 0x00007fff9de14000 	C:\WINDOWS\SYSTEM32\WINMM.dll
0x00007fff9cb30000 - 0x00007fff9cb3a000 	C:\WINDOWS\SYSTEM32\VERSION.dll
0x00007fff9ddc0000 - 0x00007fff9dded000 	C:\WINDOWS\SYSTEM32\WINMMBASE.dll
0x00007fffa2d90000 - 0x00007fffa2dda000 	C:\WINDOWS\System32\cfgmgr32.dll
0x0000000076de0000 - 0x0000000076def000 	C:\Program Files\Java\jdk1.8.0_181\jre\bin\verify.dll
0x0000000076db0000 - 0x0000000076dd9000 	C:\Program Files\Java\jdk1.8.0_181\jre\bin\java.dll
0x0000000076d90000 - 0x0000000076da6000 	C:\Program Files\Java\jdk1.8.0_181\jre\bin\zip.dll
0x00007fffa32e0000 - 0x00007fffa39c4000 	C:\WINDOWS\System32\SHELL32.dll
0x00007fffa2fb0000 - 0x00007fffa3059000 	C:\WINDOWS\System32\shcore.dll
0x00007fffa2130000 - 0x00007fffa28ae000 	C:\WINDOWS\System32\windows.storage.dll
0x00007fffa1e40000 - 0x00007fffa1e63000 	C:\WINDOWS\System32\profapi.dll
0x00007fffa1dd0000 - 0x00007fffa1e1a000 	C:\WINDOWS\System32\powrprof.dll
0x00007fffa1dc0000 - 0x00007fffa1dd0000 	C:\WINDOWS\System32\UMPDC.dll
0x00007fffa3280000 - 0x00007fffa32d2000 	C:\WINDOWS\System32\shlwapi.dll
0x00007fffa1e20000 - 0x00007fffa1e31000 	C:\WINDOWS\System32\kernel.appcore.dll
0x00007fffa2f90000 - 0x00007fffa2fa7000 	C:\WINDOWS\System32\cryptsp.dll
0x0000000076a00000 - 0x0000000076a1a000 	C:\Program Files\Java\jdk1.8.0_181\jre\bin\net.dll
0x00007fffa15d0000 - 0x00007fffa1637000 	C:\WINDOWS\system32\mswsock.dll
0x00000000769e0000 - 0x00000000769f1000 	C:\Program Files\Java\jdk1.8.0_181\jre\bin\nio.dll
0x00007fff848e0000 - 0x00007fff84906000 	C:\Users\gmati\.gradle\native\30\windows-amd64\native-platform.dll
0x00000000769d0000 - 0x00000000769dd000 	C:\Program Files\Java\jdk1.8.0_181\jre\bin\management.dll
0x00007fffa1140000 - 0x00007fffa1173000 	C:\WINDOWS\system32\rsaenh.dll
0x00007fffa1e90000 - 0x00007fffa1eb6000 	C:\WINDOWS\System32\bcrypt.dll
0x00007fffa1cb0000 - 0x00007fffa1cd5000 	C:\WINDOWS\SYSTEM32\USERENV.dll
0x00007fffa17a0000 - 0x00007fffa17ac000 	C:\WINDOWS\SYSTEM32\CRYPTBASE.dll
0x00007fffa12e0000 - 0x00007fffa131a000 	C:\WINDOWS\SYSTEM32\IPHLPAPI.DLL
0x00007fffa4eb0000 - 0x00007fffa4eb8000 	C:\WINDOWS\System32\NSI.dll
0x00007fff9b9b0000 - 0x00007fff9b9c6000 	C:\WINDOWS\SYSTEM32\dhcpcsvc6.DLL
0x00007fff9b990000 - 0x00007fff9b9ac000 	C:\WINDOWS\SYSTEM32\dhcpcsvc.DLL
0x00007fffa1320000 - 0x00007fffa13eb000 	C:\WINDOWS\SYSTEM32\DNSAPI.dll
0x00007fff99130000 - 0x00007fff9914e000 	C:\Users\gmati\AppData\Local\Temp\native-platform416647076025980537dir\native-platform.dll
0x0000000073810000 - 0x00000000739a9000 	C:\Program Files\Java\jdk1.8.0_181\jre\bin\awt.dll
0x00007fffa41d0000 - 0x00007fffa4294000 	C:\WINDOWS\System32\OLEAUT32.dll
0x00007fff9f8e0000 - 0x00007fff9f96f000 	C:\WINDOWS\SYSTEM32\apphelp.dll
0x00007fffa0210000 - 0x00007fffa023d000 	C:\WINDOWS\system32\DWMAPI.DLL
0x00007fff9fe30000 - 0x00007fff9fec9000 	C:\WINDOWS\system32\uxtheme.dll
0x00000000764a0000 - 0x00000000764ca000 	C:\Program Files\Java\jdk1.8.0_181\jre\bin\dcpr.dll
0x00007fffa06a0000 - 0x00007fffa0894000 	C:\WINDOWS\SYSTEM32\dbghelp.dll

VM Arguments:
jvm_args: -Xmx1536m -Dfile.encoding=windows-1252 -Duser.country=US -Duser.language=en -Duser.variant 
java_command: org.gradle.launcher.daemon.bootstrap.GradleDaemon 5.6.4
java_class_path (initial): C:\Users\gmati\.gradle\wrapper\dists\gradle-5.6.4-all\ankdp27end7byghfw1q2sw75f\gradle-5.6.4\lib\gradle-launcher-5.6.4.jar
Launcher Type: SUN_STANDARD

Environment Variables:
JAVA_HOME=C:\Program Files\Java\jdk1.8.0_181
CLASSPATH=.
PATH=C:\Program Files\Java\jdk1.8.0_181\bin;C:\Program Files\Git\cmd;C:\Program Files (x86)\Brackets\command;C:\WINDOWS\system32;C:\WINDOWS;C:\WINDOWS\System32\Wbem;C:\WINDOWS\System32\WindowsPowerShell\v1.0\;C:\WINDOWS\System32\OpenSSH\;"C:\Program Files\Java\jdk1.8.0_181\bin;";C:\Users\gmati\AppData\Local\Microsoft\WindowsApps;
USERNAME=gmati
OS=Windows_NT
PROCESSOR_IDENTIFIER=Intel64 Family 6 Model 142 Stepping 9, GenuineIntel



---------------  S Y S T E M  ---------------

OS: Windows 10.0 , 64 bit Build 18362 (10.0.18362.778)

CPU:total 4 (initial active 4) (2 cores per cpu, 2 threads per core) family 6 model 142 stepping 9, cmov, cx8, fxsr, mmx, sse, sse2, sse3, ssse3, sse4.1, sse4.2, popcnt, avx, avx2, aes, clmul, erms, 3dnowpref, lzcnt, ht, tsc, tscinvbit, bmi1, bmi2, adx

Memory: 4k page, physical 8258212k(287708k free), swap 13858652k(2668372k free)

vm_info: Java HotSpot(TM) 64-Bit Server VM (25.181-b13) for windows-amd64 JRE (1.8.0_181-b13), built on Jul  7 2018 04:01:33 by "java_re" with MS VC++ 10.0 (VS2010)

time: Tue Jun 09 21:45:27 2020
elapsed time: 15287 seconds (0d 4h 14m 47s)

