#
# A fatal error has been detected by the Java Runtime Environment:
#
#  EXCEPTION_ACCESS_VIOLATION (0xc0000005) at pc=0x0000000055d0517b, pid=23636, tid=0x0000000000008640
#
# JRE version: Java(TM) SE Runtime Environment (8.0_181-b13) (build 1.8.0_181-b13)
# Java VM: Java HotSpot(TM) 64-Bit Server VM (25.181-b13 mixed mode windows-amd64 compressed oops)
# Problematic frame:
# V  [jvm.dll+0x11517b]
#
# Failed to write core dump. Minidumps are not enabled by default on client versions of Windows
#
# If you would like to submit a bug report, please visit:
#   http://bugreport.java.com/bugreport/crash.jsp
#

---------------  T H R E A D  ---------------

Current thread (0x0000000002369000):  GCTaskThread [stack: 0x0000000011e20000,0x0000000011f20000] [id=34368]

siginfo: ExceptionCode=0xc0000005, reading address 0x0000000001000010

Registers:
RAX=0x0000000012120000, RBX=0x00000000a1739c81, RCX=0x0000000000000003, RDX=0x0000000000000001
RSP=0x0000000011f1f4f0, RBP=0x00000000a1739bd4, RSI=0x000000000243b820, RDI=0x000000000243b820
R8 =0x0000000001000008, R9 =0x0000000100033c30, R10=0x000000000000000c, R11=0x00000000561f5708
R12=0x00000000a1739bdc, R13=0x0000000100033e60, R14=0x0000000100033e68, R15=0x00000000a1739bc0
RIP=0x0000000055d0517b, EFLAGS=0x0000000000010202

Top of Stack: (sp=0x0000000011f1f4f0)
0x0000000011f1f4f0:   0000000100033c30 00000000a1aba63c
0x0000000011f1f500:   0000000000000002 0000000055e0e362
0x0000000011f1f510:   0000000000000000 0000000002369270
0x0000000011f1f520:   000000000235e660 000000000243b820
0x0000000011f1f530:   0000000000000b46 0000000055fea270
0x0000000011f1f540:   0000000016485a80 0000000011f1f659
0x0000000011f1f550:   000000000243b820 0000000056249a58
0x0000000011f1f560:   00000000164854d0 0000000011f1f610
0x0000000011f1f570:   000000001c7c1120 000000000000000d
0x0000000011f1f580:   000000000243b820 0000000055d03d12
0x0000000011f1f590:   00000000a39e75c0 0000000000000000
0x0000000011f1f5a0:   0000000000000000 000000000235e660
0x0000000011f1f5b0:   0000000002369280 0000000002369270
0x0000000011f1f5c0:   0000000056249a58 000000000243b820
0x0000000011f1f5d0:   0000000000000000 0000000011f1f659
0x0000000011f1f5e0:   0000000015c95470 0000000055fe71a0 

Instructions: (pc=0x0000000055d0517b)
0x0000000055d0515b:   6f 00 84 d2 74 16 44 8b 43 08 8b 0d fd 16 69 00
0x0000000055d0516b:   49 d3 e0 4c 03 05 eb 16 69 00 eb 04 4c 8b 43 08
0x0000000055d0517b:   45 8b 48 08 45 85 c9 7e 0c 41 f6 c1 01 75 4b 41
0x0000000055d0518b:   c1 f9 03 eb 57 79 43 84 d2 41 8b c9 b8 10 00 00 


Register to memory mapping:

RAX=0x0000000012120000 is an unknown value
RBX=0x00000000a1739c81 is pointing into object: 0x00000000a1739c80
java.lang.Object 
 - klass: 'java/lang/Object'
RCX=0x0000000000000003 is an unknown value
RDX=0x0000000000000001 is an unknown value
RSP=0x0000000011f1f4f0 is an unknown value
RBP=0x00000000a1739bd4 is pointing into object: 0x00000000a1739bc0
java.util.concurrent.ConcurrentHashMap$Node 
 - klass: 'java/util/concurrent/ConcurrentHashMap$Node'
RSI=0x000000000243b820 is an unknown value
RDI=0x000000000243b820 is an unknown value
R8 =0x0000000001000008 is an unknown value
R9 =0x0000000100033c30 is pointing into metadata
R10=0x000000000000000c is an unknown value
R11=0x00000000561f5708 is an unknown value
R12=0x00000000a1739bdc is pointing into object: 0x00000000a1739bc0
java.util.concurrent.ConcurrentHashMap$Node 
 - klass: 'java/util/concurrent/ConcurrentHashMap$Node'
R13=0x0000000100033e60 is pointing into metadata
R14=0x0000000100033e68 is pointing into metadata
R15=0x00000000a1739bc0 is an oop
java.util.concurrent.ConcurrentHashMap$Node 
 - klass: 'java/util/concurrent/ConcurrentHashMap$Node'


Stack: [0x0000000011e20000,0x0000000011f20000],  sp=0x0000000011f1f4f0,  free space=1021k
Native frames: (J=compiled Java code, j=interpreted, Vv=VM code, C=native code)
V  [jvm.dll+0x11517b]
V  [jvm.dll+0x3fa270]
V  [jvm.dll+0x3f71a0]
V  [jvm.dll+0x3f4dde]
V  [jvm.dll+0x29e64a]
C  [msvcr100.dll+0x21d9f]
C  [msvcr100.dll+0x21e3b]
C  [KERNEL32.DLL+0x17bd4]
C  [ntdll.dll+0x6ce51]


---------------  P R O C E S S  ---------------

Java Threads: ( => current thread )
  0x000000001ecab800 JavaThread "ForkJoinPool-2-worker-0" daemon [_thread_blocked, id=29888, stack(0x00000000256b0000,0x00000000257b0000)]
  0x000000001ecb2000 JavaThread "ForkJoinPool-2-worker-3" daemon [_thread_blocked, id=4668, stack(0x00000000255b0000,0x00000000256b0000)]
  0x000000001ecb1800 JavaThread "ForkJoinPool-2-worker-2" daemon [_thread_blocked, id=33848, stack(0x00000000254b0000,0x00000000255b0000)]
  0x000000001ecaa800 JavaThread "ForkJoinPool-2-worker-1" daemon [_thread_blocked, id=22392, stack(0x0000000023d60000,0x0000000023e60000)]
  0x000000001ecb0800 JavaThread "WorkerExecutor Queue Thread 5" [_thread_blocked, id=20548, stack(0x0000000024760000,0x0000000024860000)]
  0x000000001ecac000 JavaThread "WorkerExecutor Queue Thread 4" [_thread_blocked, id=29964, stack(0x0000000024660000,0x0000000024760000)]
  0x000000001ecaf000 JavaThread "WorkerExecutor Queue Thread 2" [_thread_blocked, id=35484, stack(0x0000000024460000,0x0000000024560000)]
  0x000000001ecad000 JavaThread "WorkerExecutor Queue" [_thread_blocked, id=40188, stack(0x0000000024360000,0x0000000024460000)]
  0x000000001ecb0000 JavaThread "RMI TCP Connection(1)-127.0.0.1" daemon [_thread_in_native, id=42932, stack(0x0000000024160000,0x0000000024260000)]
  0x000000001ecae800 JavaThread "RMI Reaper" [_thread_blocked, id=26712, stack(0x0000000024060000,0x0000000024160000)]
  0x000000001fb5b800 JavaThread "RMI TCP Accept-0" daemon [_thread_in_native, id=24120, stack(0x0000000023f60000,0x0000000024060000)]
  0x000000001fb5b000 JavaThread "GC Daemon" daemon [_thread_blocked, id=42512, stack(0x0000000023e60000,0x0000000023f60000)]
  0x000000001fb5a000 JavaThread "RMI Scheduler(0)" daemon [_thread_blocked, id=10176, stack(0x0000000023c60000,0x0000000023d60000)]
  0x000000001fb5f800 JavaThread "Cache worker for execution history cache (C:\Users\gmati\AndroidStudioProjects\MercadolibreDos\.gradle\5.6.4\executionHistory)" [_thread_blocked, id=42140, stack(0x0000000023560000,0x0000000023660000)]
  0x000000001fb5d000 JavaThread "Execution worker for ':' Thread 3" [_thread_blocked, id=12644, stack(0x0000000022cd0000,0x0000000022dd0000)]
  0x000000001fb5e000 JavaThread "Execution worker for ':' Thread 2" [_thread_blocked, id=40440, stack(0x0000000022920000,0x0000000022a20000)]
  0x000000001fb59800 JavaThread "Execution worker for ':'" [_thread_blocked, id=32560, stack(0x0000000022820000,0x0000000022920000)]
  0x000000001fb58000 JavaThread "Cache worker for file content cache (C:\Users\gmati\AndroidStudioProjects\MercadolibreDos\.gradle\5.6.4\fileContent)" [_thread_blocked, id=36952, stack(0x0000000022e60000,0x0000000022f60000)]
  0x000000001fb5e800 JavaThread "Cache worker for file content cache (C:\Users\gmati\.gradle\caches\5.6.4\fileContent)" [_thread_blocked, id=29808, stack(0x0000000022a50000,0x0000000022b50000)]
  0x000000001fb58800 JavaThread "Memory manager" [_thread_blocked, id=24664, stack(0x0000000022bd0000,0x0000000022cd0000)]
  0x000000001fb56800 JavaThread "Cache worker for Build Output Cleanup Cache (C:\Users\gmati\AndroidStudioProjects\MercadolibreDos\.gradle\buildOutputCleanup)" [_thread_blocked, id=22556, stack(0x0000000021880000,0x0000000021980000)]
  0x000000001fb55000 JavaThread "Build operations Thread 4" [_thread_blocked, id=37420, stack(0x0000000021180000,0x0000000021280000)]
  0x000000001fb52800 JavaThread "Build operations Thread 3" [_thread_blocked, id=38568, stack(0x0000000021080000,0x0000000021180000)]
  0x000000001fb53800 JavaThread "Build operations Thread 2" [_thread_blocked, id=32948, stack(0x0000000020f80000,0x0000000021080000)]
  0x000000001fb52000 JavaThread "Build operations" [_thread_blocked, id=23364, stack(0x0000000020d20000,0x0000000020e20000)]
  0x000000001fb51000 JavaThread "Cache worker for execution history cache (C:\Users\gmati\.gradle\caches\5.6.4\executionHistory)" [_thread_blocked, id=42840, stack(0x0000000020e80000,0x0000000020f80000)]
  0x000000001fb54000 JavaThread "Cache worker for cache directory md-rule (C:\Users\gmati\.gradle\caches\5.6.4\md-rule)" [_thread_blocked, id=34304, stack(0x0000000020c20000,0x0000000020d20000)]
  0x000000001940a800 JavaThread "Cache worker for cache directory md-supplier (C:\Users\gmati\.gradle\caches\5.6.4\md-supplier)" [_thread_blocked, id=10296, stack(0x0000000020b20000,0x0000000020c20000)]
  0x0000000019405800 JavaThread "Cache worker for file hash cache (C:\Users\gmati\AndroidStudioProjects\MercadolibreDos\.gradle\5.6.4\fileHashes)" [_thread_blocked, id=25888, stack(0x000000001ddd0000,0x000000001ded0000)]
  0x0000000019404800 JavaThread "Cache worker for journal cache (C:\Users\gmati\.gradle\caches\journal-1)" [_thread_blocked, id=1700, stack(0x000000001bb30000,0x000000001bc30000)]
  0x0000000019404000 JavaThread "File lock request listener" [_thread_in_native, id=26824, stack(0x000000001ba30000,0x000000001bb30000)]
  0x000000001940a000 JavaThread "Cache worker for file hash cache (C:\Users\gmati\.gradle\caches\5.6.4\fileHashes)" [_thread_blocked, id=9500, stack(0x000000001b930000,0x000000001ba30000)]
  0x0000000019549800 JavaThread "Thread-9" [_thread_blocked, id=35524, stack(0x000000001b630000,0x000000001b730000)]
  0x0000000019547000 JavaThread "Stdin handler" [_thread_blocked, id=39828, stack(0x000000001b530000,0x000000001b630000)]
  0x000000001956f800 JavaThread "Asynchronous log dispatcher for DefaultDaemonConnection: socket connection from /127.0.0.1:53135 to /127.0.0.1:53136" [_thread_blocked, id=30540, stack(0x000000001b430000,0x000000001b530000)]
  0x000000001956d000 JavaThread "Daemon worker" [_thread_blocked, id=18768, stack(0x000000001b330000,0x000000001b430000)]
  0x000000001956b000 JavaThread "Cancel handler" [_thread_blocked, id=35024, stack(0x000000001b230000,0x000000001b330000)]
  0x00000000195d2000 JavaThread "Handler for socket connection from /127.0.0.1:53135 to /127.0.0.1:53136" [_thread_in_native, id=42004, stack(0x000000001af30000,0x000000001b030000)]
  0x00000000195ca800 JavaThread "Daemon" [_thread_blocked, id=40120, stack(0x000000001ae30000,0x000000001af30000)]
  0x0000000019575000 JavaThread "Daemon periodic checks" [_thread_blocked, id=25404, stack(0x000000001ad30000,0x000000001ae30000)]
  0x00000000194d4000 JavaThread "Incoming local TCP Connector on port 53135" [_thread_in_native, id=27236, stack(0x000000001aaf0000,0x000000001abf0000)]
  0x0000000019523000 JavaThread "Daemon health stats" [_thread_blocked, id=37176, stack(0x000000001a4b0000,0x000000001a5b0000)]
  0x0000000017740800 JavaThread "Service Thread" daemon [_thread_blocked, id=36116, stack(0x0000000017b10000,0x0000000017c10000)]
  0x0000000015dd5000 JavaThread "C1 CompilerThread2" daemon [_thread_blocked, id=15084, stack(0x0000000017610000,0x0000000017710000)]
  0x0000000015dc3000 JavaThread "C2 CompilerThread1" daemon [_thread_blocked, id=39204, stack(0x0000000017510000,0x0000000017610000)]
  0x0000000015dbc800 JavaThread "C2 CompilerThread0" daemon [_thread_blocked, id=34696, stack(0x0000000017410000,0x0000000017510000)]
  0x0000000015dba800 JavaThread "Attach Listener" daemon [_thread_blocked, id=14228, stack(0x0000000017310000,0x0000000017410000)]
  0x0000000015db9800 JavaThread "Signal Dispatcher" daemon [_thread_blocked, id=15388, stack(0x0000000017210000,0x0000000017310000)]
  0x0000000015daa800 JavaThread "Finalizer" daemon [_thread_blocked, id=38512, stack(0x0000000017010000,0x0000000017110000)]
  0x0000000002440000 JavaThread "Reference Handler" daemon [_thread_blocked, id=2668, stack(0x0000000016f10000,0x0000000017010000)]
  0x00000000003ce000 JavaThread "main" [_thread_blocked, id=9300, stack(0x0000000002250000,0x0000000002350000)]

Other Threads:
  0x0000000015d88000 VMThread [stack: 0x0000000016e10000,0x0000000016f10000] [id=30368]
  0x0000000017743000 WatcherThread [stack: 0x0000000017c10000,0x0000000017d10000] [id=22032]

=>0x0000000002369000 (exited) GCTaskThread [stack: 0x0000000011e20000,0x0000000011f20000] [id=34368]

VM state:at safepoint (normal execution)

VM Mutex/Monitor currently owned by a thread:  ([mutex/lock_event])
[0x00000000003ccdc0] Threads_lock - owner thread: 0x0000000015d88000
[0x00000000003cd240] Heap_lock - owner thread: 0x000000001ecb1800

Heap:
 PSYoungGen      total 260096K, used 35327K [0x00000000e0000000, 0x00000000f8700000, 0x0000000100000000)
  eden space 224768K, 0% used [0x00000000e0000000,0x00000000e0000000,0x00000000edb80000)
  from space 35328K, 99% used [0x00000000edb80000,0x00000000efdffd80,0x00000000efe00000)
  to   space 55808K, 0% used [0x00000000f5080000,0x00000000f5080000,0x00000000f8700000)
 ParOldGen       total 122880K, used 95709K [0x00000000a0000000, 0x00000000a7800000, 0x00000000e0000000)
  object space 122880K, 77% used [0x00000000a0000000,0x00000000a5d77518,0x00000000a7800000)
 Metaspace       used 76148K, capacity 79214K, committed 79488K, reserved 1118208K
  class space    used 10742K, capacity 11353K, committed 11392K, reserved 1048576K

Card table byte_map: [0x0000000011810000,0x0000000011b20000] byte_map_base: 0x0000000011310000

Marking Bits: (ParMarkBitMap*) 0x0000000056412d00
 Begin Bits: [0x0000000012120000, 0x0000000013920000)
 End Bits:   [0x0000000013920000, 0x0000000015120000)

Polling page: 0x0000000000730000

CodeCache: size=245760Kb used=28497Kb max_used=28497Kb free=217262Kb
 bounds [0x0000000002450000, 0x0000000004050000, 0x0000000011450000]
 total_blobs=9932 nmethods=9084 adapters=759
 compilation: enabled

Compilation events (10 events):
Event: 25.464 Thread 0x0000000015dc3000 10277       4       java.util.stream.ReferencePipeline::forEachWithCancel (20 bytes)
Event: 25.464 Thread 0x0000000015dc3000 nmethod 10277 0x0000000003ff6d50 code [0x0000000003ff6ea0, 0x0000000003ff6f78]
Event: 25.465 Thread 0x0000000015dc3000 10314       4       java.util.IdentityHashMap::put (137 bytes)
Event: 25.466 Thread 0x0000000015dd5000 nmethod 10327% 0x000000000400d6d0 code [0x000000000400fa40, 0x00000000040275f8]
Event: 25.466 Thread 0x0000000015dd5000 10328       2       com.android.tools.r8.graph.E0::a (10 bytes)
Event: 25.466 Thread 0x0000000015dd5000 nmethod 10328 0x0000000003ff9590 code [0x0000000003ff9700, 0x0000000003ff9868]
Event: 25.466 Thread 0x0000000015dd5000 10329       2       com.android.tools.r8.code.v0::l (8 bytes)
Event: 25.466 Thread 0x0000000015dd5000 nmethod 10329 0x0000000003ff9250 code [0x0000000003ff93a0, 0x0000000003ff94f0]
Event: 25.467 Thread 0x0000000015dd5000 10331       1       com.android.tools.r8.code.J::l (2 bytes)
Event: 25.467 Thread 0x0000000015dd5000 nmethod 10331 0x0000000003ff8f90 code [0x0000000003ff90e0, 0x0000000003ff91f0]

GC Heap History (10 events):
Event: 13.134 GC heap after
Heap after GC invocations=14 (full 2):
 PSYoungGen      total 204800K, used 1172K [0x00000000e0000000, 0x00000000ef980000, 0x0000000100000000)
  eden space 184832K, 0% used [0x00000000e0000000,0x00000000e0000000,0x00000000eb480000)
  from space 19968K, 5% used [0x00000000ec880000,0x00000000ec9a5020,0x00000000edc00000)
  to   space 20480K, 0% used [0x00000000eb480000,0x00000000eb480000,0x00000000ec880000)
 ParOldGen       total 86528K, used 35221K [0x00000000a0000000, 0x00000000a5480000, 0x00000000e0000000)
  object space 86528K, 40% used [0x00000000a0000000,0x00000000a22656c8,0x00000000a5480000)
 Metaspace       used 57291K, capacity 59000K, committed 59028K, reserved 1099776K
  class space    used 8027K, capacity 8447K, committed 8448K, reserved 1048576K
}
Event: 13.134 GC heap before
{Heap before GC invocations=15 (full 3):
 PSYoungGen      total 204800K, used 1172K [0x00000000e0000000, 0x00000000ef980000, 0x0000000100000000)
  eden space 184832K, 0% used [0x00000000e0000000,0x00000000e0000000,0x00000000eb480000)
  from space 19968K, 5% used [0x00000000ec880000,0x00000000ec9a5020,0x00000000edc00000)
  to   space 20480K, 0% used [0x00000000eb480000,0x00000000eb480000,0x00000000ec880000)
 ParOldGen       total 86528K, used 35221K [0x00000000a0000000, 0x00000000a5480000, 0x00000000e0000000)
  object space 86528K, 40% used [0x00000000a0000000,0x00000000a22656c8,0x00000000a5480000)
 Metaspace       used 57291K, capacity 59000K, committed 59028K, reserved 1099776K
  class space    used 8027K, capacity 8447K, committed 8448K, reserved 1048576K
Event: 13.397 GC heap after
Heap after GC invocations=15 (full 3):
 PSYoungGen      total 204800K, used 0K [0x00000000e0000000, 0x00000000ef980000, 0x0000000100000000)
  eden space 184832K, 0% used [0x00000000e0000000,0x00000000e0000000,0x00000000eb480000)
  from space 19968K, 0% used [0x00000000ec880000,0x00000000ec880000,0x00000000edc00000)
  to   space 20480K, 0% used [0x00000000eb480000,0x00000000eb480000,0x00000000ec880000)
 ParOldGen       total 122880K, used 29566K [0x00000000a0000000, 0x00000000a7800000, 0x00000000e0000000)
  object space 122880K, 24% used [0x00000000a0000000,0x00000000a1cdfac0,0x00000000a7800000)
 Metaspace       used 57291K, capacity 59000K, committed 59028K, reserved 1099776K
  class space    used 8027K, capacity 8447K, committed 8448K, reserved 1048576K
}
Event: 18.011 GC heap before
{Heap before GC invocations=16 (full 3):
 PSYoungGen      total 204800K, used 184832K [0x00000000e0000000, 0x00000000ef980000, 0x0000000100000000)
  eden space 184832K, 100% used [0x00000000e0000000,0x00000000eb480000,0x00000000eb480000)
  from space 19968K, 0% used [0x00000000ec880000,0x00000000ec880000,0x00000000edc00000)
  to   space 20480K, 0% used [0x00000000eb480000,0x00000000eb480000,0x00000000ec880000)
 ParOldGen       total 122880K, used 29566K [0x00000000a0000000, 0x00000000a7800000, 0x00000000e0000000)
  object space 122880K, 24% used [0x00000000a0000000,0x00000000a1cdfac0,0x00000000a7800000)
 Metaspace       used 62443K, capacity 64622K, committed 64768K, reserved 1105920K
  class space    used 8741K, capacity 9190K, committed 9216K, reserved 1048576K
Event: 18.042 GC heap after
Heap after GC invocations=16 (full 3):
 PSYoungGen      total 205312K, used 16678K [0x00000000e0000000, 0x00000000f1380000, 0x0000000100000000)
  eden space 184832K, 0% used [0x00000000e0000000,0x00000000e0000000,0x00000000eb480000)
  from space 20480K, 81% used [0x00000000eb480000,0x00000000ec4c9a38,0x00000000ec880000)
  to   space 22016K, 0% used [0x00000000efe00000,0x00000000efe00000,0x00000000f1380000)
 ParOldGen       total 122880K, used 29574K [0x00000000a0000000, 0x00000000a7800000, 0x00000000e0000000)
  object space 122880K, 24% used [0x00000000a0000000,0x00000000a1ce1ac0,0x00000000a7800000)
 Metaspace       used 62443K, capacity 64622K, committed 64768K, reserved 1105920K
  class space    used 8741K, capacity 9190K, committed 9216K, reserved 1048576K
}
Event: 23.142 GC heap before
{Heap before GC invocations=17 (full 3):
 PSYoungGen      total 205312K, used 201510K [0x00000000e0000000, 0x00000000f1380000, 0x0000000100000000)
  eden space 184832K, 100% used [0x00000000e0000000,0x00000000eb480000,0x00000000eb480000)
  from space 20480K, 81% used [0x00000000eb480000,0x00000000ec4c9a38,0x00000000ec880000)
  to   space 22016K, 0% used [0x00000000efe00000,0x00000000efe00000,0x00000000f1380000)
 ParOldGen       total 122880K, used 29574K [0x00000000a0000000, 0x00000000a7800000, 0x00000000e0000000)
  object space 122880K, 24% used [0x00000000a0000000,0x00000000a1ce1ac0,0x00000000a7800000)
 Metaspace       used 74774K, capacity 77740K, committed 77952K, reserved 1116160K
  class space    used 10553K, capacity 11130K, committed 11136K, reserved 1048576K
Event: 23.183 GC heap after
Heap after GC invocations=17 (full 3):
 PSYoungGen      total 246784K, used 21990K [0x00000000e0000000, 0x00000000f2880000, 0x0000000100000000)
  eden space 224768K, 0% used [0x00000000e0000000,0x00000000e0000000,0x00000000edb80000)
  from space 22016K, 99% used [0x00000000efe00000,0x00000000f1379998,0x00000000f1380000)
  to   space 35328K, 0% used [0x00000000edb80000,0x00000000edb80000,0x00000000efe00000)
 ParOldGen       total 122880K, used 56374K [0x00000000a0000000, 0x00000000a7800000, 0x00000000e0000000)
  object space 122880K, 45% used [0x00000000a0000000,0x00000000a370d9b8,0x00000000a7800000)
 Metaspace       used 74774K, capacity 77740K, committed 77952K, reserved 1116160K
  class space    used 10553K, capacity 11130K, committed 11136K, reserved 1048576K
}
Event: 25.469 GC heap before
{Heap before GC invocations=18 (full 3):
 PSYoungGen      total 246784K, used 244516K [0x00000000e0000000, 0x00000000f2880000, 0x0000000100000000)
  eden space 224768K, 99% used [0x00000000e0000000,0x00000000ed94f878,0x00000000edb80000)
  from space 22016K, 99% used [0x00000000efe00000,0x00000000f1379998,0x00000000f1380000)
  to   space 35328K, 0% used [0x00000000edb80000,0x00000000edb80000,0x00000000efe00000)
 ParOldGen       total 122880K, used 56374K [0x00000000a0000000, 0x00000000a7800000, 0x00000000e0000000)
  object space 122880K, 45% used [0x00000000a0000000,0x00000000a370d9b8,0x00000000a7800000)
 Metaspace       used 76148K, capacity 79214K, committed 79488K, reserved 1118208K
  class space    used 10742K, capacity 11353K, committed 11392K, reserved 1048576K
Event: 25.556 GC heap after
Heap after GC invocations=18 (full 3):
 PSYoungGen      total 260096K, used 35327K [0x00000000e0000000, 0x00000000f8700000, 0x0000000100000000)
  eden space 224768K, 0% used [0x00000000e0000000,0x00000000e0000000,0x00000000edb80000)
  from space 35328K, 99% used [0x00000000edb80000,0x00000000efdffd80,0x00000000efe00000)
  to   space 55808K, 0% used [0x00000000f5080000,0x00000000f5080000,0x00000000f8700000)
 ParOldGen       total 122880K, used 95709K [0x00000000a0000000, 0x00000000a7800000, 0x00000000e0000000)
  object space 122880K, 77% used [0x00000000a0000000,0x00000000a5d77518,0x00000000a7800000)
 Metaspace       used 76148K, capacity 79214K, committed 79488K, reserved 1118208K
  class space    used 10742K, capacity 11353K, committed 11392K, reserved 1048576K
}
Event: 25.556 GC heap before
{Heap before GC invocations=19 (full 4):
 PSYoungGen      total 260096K, used 35327K [0x00000000e0000000, 0x00000000f8700000, 0x0000000100000000)
  eden space 224768K, 0% used [0x00000000e0000000,0x00000000e0000000,0x00000000edb80000)
  from space 35328K, 99% used [0x00000000edb80000,0x00000000efdffd80,0x00000000efe00000)
  to   space 55808K, 0% used [0x00000000f5080000,0x00000000f5080000,0x00000000f8700000)
 ParOldGen       total 122880K, used 95709K [0x00000000a0000000, 0x00000000a7800000, 0x00000000e0000000)
  object space 122880K, 77% used [0x00000000a0000000,0x00000000a5d77518,0x00000000a7800000)
 Metaspace       used 76148K, capacity 79214K, committed 79488K, reserved 1118208K
  class space    used 10742K, capacity 11353K, committed 11392K, reserved 1048576K

Deoptimization events (10 events):
Event: 24.886 Thread 0x000000001ecb1800 Uncommon trap: reason=bimorphic action=maybe_recompile pc=0x0000000003f56048 method=java.util.TimSort.mergeLo(IIII)V @ 189
Event: 24.913 Thread 0x000000001ecb1800 Uncommon trap: reason=bimorphic action=maybe_recompile pc=0x0000000003f56048 method=java.util.TimSort.mergeLo(IIII)V @ 189
Event: 24.927 Thread 0x000000001ecb1800 Uncommon trap: reason=bimorphic action=maybe_recompile pc=0x0000000003f56048 method=java.util.TimSort.mergeLo(IIII)V @ 189
Event: 24.927 Thread 0x000000001ecb1800 Uncommon trap: reason=bimorphic action=maybe_recompile pc=0x0000000003f56048 method=java.util.TimSort.mergeLo(IIII)V @ 189
Event: 25.058 Thread 0x000000001ecb1800 Uncommon trap: reason=unstable_if action=reinterpret pc=0x0000000003f83904 method=com.android.tools.r8.v.a.a.a.h.P0.a(Ljava/lang/Object;I)I @ 230
Event: 25.095 Thread 0x000000001ecb1800 Uncommon trap: reason=null_check action=make_not_entrant pc=0x0000000003a13b74 method=com.android.tools.r8.graph.d0.computeEquals(Ljava/lang/Object;)Z @ 1
Event: 25.095 Thread 0x000000001ecb1800 Uncommon trap: reason=unstable_if action=reinterpret pc=0x0000000002f856e8 method=java.util.Arrays.equals([Ljava/lang/Object;[Ljava/lang/Object;)Z @ 47
Event: 25.149 Thread 0x000000001ecb1800 Uncommon trap: reason=unstable_if action=reinterpret pc=0x0000000003f9fe4c method=java.util.Arrays.equals([B[B)Z @ 23
Event: 25.198 Thread 0x000000001ecb1800 Uncommon trap: reason=unstable_if action=reinterpret pc=0x0000000003fa2838 method=com.android.tools.r8.v.a.a.a.h.M.a(Ljava/lang/Object;I)I @ 130
Event: 25.377 Thread 0x000000001ecb1800 Uncommon trap: reason=unstable_if action=reinterpret pc=0x0000000003f7e904 method=java.util.TimSort.mergeHi(IIII)V @ 131

Classes redefined (0 events):
No events

Internal exceptions (10 events):
Event: 21.800 Thread 0x000000001fb5d000 Exception <a 'java/lang/NoSuchMethodError': <clinit>> (0x00000000e6807350) thrown at [C:\re\workspace\8-2-build-windows-amd64-cygwin\jdk8u181\11358\hotspot\src\share\vm\prims\jni.cpp, line 1613]
Event: 21.824 Thread 0x000000001ecad000 Exception <a 'java/lang/NoSuchMethodError': java.lang.Object.lambda$static$0(Ljava/lang/String;)Z> (0x00000000e69d9fe0) thrown at [C:\re\workspace\8-2-build-windows-amd64-cygwin\jdk8u181\11358\hotspot\src\share\vm\interpreter\linkResolver.cpp, line 620]
Event: 21.884 Thread 0x000000001ecaf000 Exception <a 'sun/nio/fs/WindowsException'> (0x00000000e6bb8960) thrown at [C:\re\workspace\8-2-build-windows-amd64-cygwin\jdk8u181\11358\hotspot\src\share\vm\prims\jni.cpp, line 709]
Event: 21.959 Thread 0x000000001ecaf000 Exception <a 'java/lang/NoSuchMethodError': java.lang.Object.lambda$identity$2(Ljava/lang/Object;)Ljava/lang/Object;> (0x00000000e6f048f8) thrown at [C:\re\workspace\8-2-build-windows-amd64-cygwin\jdk8u181\11358\hotspot\src\share\vm\interpreter\linkResolv
Event: 22.201 Thread 0x000000001ecaf000 Exception <a 'java/lang/NoSuchMethodError': java.lang.Object.lambda$maxBy$1(Ljava/util/Comparator;Ljava/lang/Object;Ljava/lang/Object;)Ljava/lang/Object;> (0x00000000e7aae728) thrown at [C:\re\workspace\8-2-build-windows-amd64-cygwin\jdk8u181\11358\hotspo
Event: 22.448 Thread 0x000000001ecaf000 Exception <a 'sun/nio/fs/WindowsException'> (0x00000000e8146468) thrown at [C:\re\workspace\8-2-build-windows-amd64-cygwin\jdk8u181\11358\hotspot\src\share\vm\prims\jni.cpp, line 709]
Event: 22.766 Thread 0x000000001fb59800 Exception <a 'java/lang/NoSuchMethodError': <clinit>> (0x00000000e8b44d58) thrown at [C:\re\workspace\8-2-build-windows-amd64-cygwin\jdk8u181\11358\hotspot\src\share\vm\prims\jni.cpp, line 1613]
Event: 23.064 Thread 0x000000001ecad000 Exception <a 'sun/nio/fs/WindowsException'> (0x00000000e9b24b28) thrown at [C:\re\workspace\8-2-build-windows-amd64-cygwin\jdk8u181\11358\hotspot\src\share\vm\prims\jni.cpp, line 709]
Event: 23.380 Thread 0x000000001ecb1800 Implicit null exception at 0x0000000002dcee6f to 0x0000000002dcef61
Event: 25.095 Thread 0x000000001ecb1800 Implicit null exception at 0x0000000003a139d2 to 0x0000000003a13b65

Events (10 events):
Event: 25.198 Thread 0x000000001ecb1800 DEOPT PACKING pc=0x0000000003fa2838 sp=0x00000000255aead0
Event: 25.198 Thread 0x000000001ecb1800 DEOPT UNPACKING pc=0x000000000249583b sp=0x00000000255aea68 mode 2
Event: 25.252 loading class com/android/tools/r8/graph/Q
Event: 25.252 loading class com/android/tools/r8/graph/Q done
Event: 25.290 Thread 0x000000001ecb1800 DEOPT PACKING pc=0x0000000003fc8fe3 sp=0x00000000255aea90
Event: 25.290 Thread 0x000000001ecb1800 DEOPT UNPACKING pc=0x0000000002497890 sp=0x00000000255ae828 mode 0
Event: 25.377 Thread 0x000000001ecb1800 Uncommon trap: trap_request=0xffffff65 fr.pc=0x0000000003f7e904
Event: 25.377 Thread 0x000000001ecb1800 DEOPT PACKING pc=0x0000000003f7e904 sp=0x00000000255ae8f0
Event: 25.377 Thread 0x000000001ecb1800 DEOPT UNPACKING pc=0x000000000249583b sp=0x00000000255ae8d8 mode 2
Event: 25.469 Executing VM operation: ParallelGCFailedAllocation


Dynamic libraries:
0x00007ff69bdc0000 - 0x00007ff69bdf7000 	C:\Program Files\Java\jdk1.8.0_181\bin\java.exe
0x00007ffe12aa0000 - 0x00007ffe12c90000 	C:\WINDOWS\SYSTEM32\ntdll.dll
0x00007ffe0b2f0000 - 0x00007ffe0b303000 	C:\Program Files\AVAST Software\Avast\aswhook.dll
0x00007ffe11020000 - 0x00007ffe110d2000 	C:\WINDOWS\System32\KERNEL32.DLL
0x00007ffe0fea0000 - 0x00007ffe10144000 	C:\WINDOWS\System32\KERNELBASE.dll
0x00007ffe128e0000 - 0x00007ffe12983000 	C:\WINDOWS\System32\ADVAPI32.dll
0x00007ffe12230000 - 0x00007ffe122ce000 	C:\WINDOWS\System32\msvcrt.dll
0x00007ffe125c0000 - 0x00007ffe12657000 	C:\WINDOWS\System32\sechost.dll
0x00007ffe11dd0000 - 0x00007ffe11ef0000 	C:\WINDOWS\System32\RPCRT4.dll
0x00007ffe10e80000 - 0x00007ffe11014000 	C:\WINDOWS\System32\USER32.dll
0x00007ffe0fad0000 - 0x00007ffe0faf1000 	C:\WINDOWS\System32\win32u.dll
0x00007ffe12410000 - 0x00007ffe12436000 	C:\WINDOWS\System32\GDI32.dll
0x00007ffe0fd00000 - 0x00007ffe0fe94000 	C:\WINDOWS\System32\gdi32full.dll
0x00007ffe0fa30000 - 0x00007ffe0face000 	C:\WINDOWS\System32\msvcp_win.dll
0x00007ffe0fc00000 - 0x00007ffe0fcfa000 	C:\WINDOWS\System32\ucrtbase.dll
0x00007ffe00fa0000 - 0x00007ffe01224000 	C:\WINDOWS\WinSxS\amd64_microsoft.windows.common-controls_6595b64144ccf1df_6.0.18362.836_none_e6c4b943130f18ed\COMCTL32.dll
0x00007ffe11ef0000 - 0x00007ffe12226000 	C:\WINDOWS\System32\combase.dll
0x00007ffe0fb50000 - 0x00007ffe0fbd0000 	C:\WINDOWS\System32\bcryptPrimitives.dll
0x00007ffe118a0000 - 0x00007ffe118ce000 	C:\WINDOWS\System32\IMM32.DLL
0x00000000564a0000 - 0x0000000056572000 	C:\Program Files\Java\jdk1.8.0_181\jre\bin\msvcr100.dll
0x0000000055bf0000 - 0x0000000056492000 	C:\Program Files\Java\jdk1.8.0_181\jre\bin\server\jvm.dll
0x00007ffe10c70000 - 0x00007ffe10c78000 	C:\WINDOWS\System32\PSAPI.DLL
0x00007ffdffee0000 - 0x00007ffdffee9000 	C:\WINDOWS\SYSTEM32\WSOCK32.dll
0x00007ffe110e0000 - 0x00007ffe1114f000 	C:\WINDOWS\System32\WS2_32.dll
0x00007ffe0d500000 - 0x00007ffe0d524000 	C:\WINDOWS\SYSTEM32\WINMM.dll
0x00007ffe052f0000 - 0x00007ffe052fa000 	C:\WINDOWS\SYSTEM32\VERSION.dll
0x00007ffe0d4d0000 - 0x00007ffe0d4fd000 	C:\WINDOWS\SYSTEM32\WINMMBASE.dll
0x00007ffe0fb00000 - 0x00007ffe0fb4a000 	C:\WINDOWS\System32\cfgmgr32.dll
0x0000000058f90000 - 0x0000000058f9f000 	C:\Program Files\Java\jdk1.8.0_181\jre\bin\verify.dll
0x0000000055bc0000 - 0x0000000055be9000 	C:\Program Files\Java\jdk1.8.0_181\jre\bin\java.dll
0x0000000057760000 - 0x0000000057776000 	C:\Program Files\Java\jdk1.8.0_181\jre\bin\zip.dll
0x00007ffe111b0000 - 0x00007ffe11894000 	C:\WINDOWS\System32\SHELL32.dll
0x00007ffe12350000 - 0x00007ffe123f9000 	C:\WINDOWS\System32\shcore.dll
0x00007ffe10220000 - 0x00007ffe1099e000 	C:\WINDOWS\System32\windows.storage.dll
0x00007ffe0f9b0000 - 0x00007ffe0f9d3000 	C:\WINDOWS\System32\profapi.dll
0x00007ffe0f9e0000 - 0x00007ffe0fa2a000 	C:\WINDOWS\System32\powrprof.dll
0x00007ffe0f960000 - 0x00007ffe0f970000 	C:\WINDOWS\System32\UMPDC.dll
0x00007ffe10c80000 - 0x00007ffe10cd2000 	C:\WINDOWS\System32\shlwapi.dll
0x00007ffe0f970000 - 0x00007ffe0f981000 	C:\WINDOWS\System32\kernel.appcore.dll
0x00007ffe10150000 - 0x00007ffe10167000 	C:\WINDOWS\System32\cryptsp.dll
0x0000000055ba0000 - 0x0000000055bba000 	C:\Program Files\Java\jdk1.8.0_181\jre\bin\net.dll
0x00007ffe0f1d0000 - 0x00007ffe0f237000 	C:\WINDOWS\system32\mswsock.dll
0x0000000055b80000 - 0x0000000055b91000 	C:\Program Files\Java\jdk1.8.0_181\jre\bin\nio.dll
0x00007ffdd1630000 - 0x00007ffdd1656000 	C:\Users\gmati\.gradle\native\30\windows-amd64\native-platform.dll
0x0000000057ad0000 - 0x0000000057add000 	C:\Program Files\Java\jdk1.8.0_181\jre\bin\management.dll
0x00007ffe0ed40000 - 0x00007ffe0ed73000 	C:\WINDOWS\system32\rsaenh.dll
0x00007ffe0fbd0000 - 0x00007ffe0fbf6000 	C:\WINDOWS\System32\bcrypt.dll
0x00007ffe0f880000 - 0x00007ffe0f8a5000 	C:\WINDOWS\SYSTEM32\USERENV.dll
0x00007ffe0f3a0000 - 0x00007ffe0f3ac000 	C:\WINDOWS\SYSTEM32\CRYPTBASE.dll
0x00007ffe0eee0000 - 0x00007ffe0ef1a000 	C:\WINDOWS\SYSTEM32\IPHLPAPI.DLL
0x00007ffe118d0000 - 0x00007ffe118d8000 	C:\WINDOWS\System32\NSI.dll
0x00007ffe05a90000 - 0x00007ffe05aa6000 	C:\WINDOWS\SYSTEM32\dhcpcsvc6.DLL
0x00007ffe05a70000 - 0x00007ffe05a8c000 	C:\WINDOWS\SYSTEM32\dhcpcsvc.DLL
0x00007ffe0ef20000 - 0x00007ffe0efeb000 	C:\WINDOWS\SYSTEM32\DNSAPI.dll
0x00007ffe0e0f0000 - 0x00007ffe0e2e4000 	C:\WINDOWS\SYSTEM32\dbghelp.dll

VM Arguments:
jvm_args: -Xmx1536m -Dfile.encoding=windows-1252 -Duser.country=US -Duser.language=en -Duser.variant 
java_command: org.gradle.launcher.daemon.bootstrap.GradleDaemon 5.6.4
java_class_path (initial): C:\Users\gmati\.gradle\wrapper\dists\gradle-5.6.4-all\ankdp27end7byghfw1q2sw75f\gradle-5.6.4\lib\gradle-launcher-5.6.4.jar
Launcher Type: SUN_STANDARD

Environment Variables:
JAVA_HOME=C:\Program Files\Java\jdk1.8.0_181
CLASSPATH=.
PATH=C:\Program Files\Java\jdk1.8.0_181\bin;C:\Program Files\Git\cmd;C:\Program Files (x86)\Brackets\command;C:\WINDOWS\system32;C:\WINDOWS;C:\WINDOWS\System32\Wbem;C:\WINDOWS\System32\WindowsPowerShell\v1.0\;C:\WINDOWS\System32\OpenSSH\;"C:\Program Files\Java\jdk1.8.0_181\bin;";C:\Users\gmati\AppData\Local\Microsoft\WindowsApps;
USERNAME=gmati
OS=Windows_NT
PROCESSOR_IDENTIFIER=Intel64 Family 6 Model 142 Stepping 9, GenuineIntel



---------------  S Y S T E M  ---------------

OS: Windows 10.0 , 64 bit Build 18362 (10.0.18362.778)

CPU:total 4 (initial active 4) (2 cores per cpu, 2 threads per core) family 6 model 142 stepping 9, cmov, cx8, fxsr, mmx, sse, sse2, sse3, ssse3, sse4.1, sse4.2, popcnt, avx, avx2, aes, clmul, erms, 3dnowpref, lzcnt, ht, tsc, tscinvbit, bmi1, bmi2, adx

Memory: 4k page, physical 8258212k(1080392k free), swap 14287524k(2645796k free)

vm_info: Java HotSpot(TM) 64-Bit Server VM (25.181-b13) for windows-amd64 JRE (1.8.0_181-b13), built on Jul  7 2018 04:01:33 by "java_re" with MS VC++ 10.0 (VS2010)

time: Fri Jun 05 20:57:23 2020
elapsed time: 25 seconds (0d 0h 0m 25s)

