#
# A fatal error has been detected by the Java Runtime Environment:
#
#  EXCEPTION_ACCESS_VIOLATION (0xc0000005) at pc=0x0000000051755dd5, pid=25556, tid=0x0000000000006c0c
#
# JRE version: Java(TM) SE Runtime Environment (8.0_181-b13) (build 1.8.0_181-b13)
# Java VM: Java HotSpot(TM) 64-Bit Server VM (25.181-b13 mixed mode windows-amd64 compressed oops)
# Problematic frame:
# V  [jvm.dll+0x125dd5]
#
# Failed to write core dump. Minidumps are not enabled by default on client versions of Windows
#
# If you would like to submit a bug report, please visit:
#   http://bugreport.java.com/bugreport/crash.jsp
#

---------------  T H R E A D  ---------------

Current thread (0x000000001cc2e800):  JavaThread "WorkerExecutor Queue" [_thread_in_vm, id=27660, stack(0x0000000025d90000,0x0000000025e90000)]

siginfo: ExceptionCode=0xc0000005, reading address 0x0000000081000018

Registers:
RAX=0x000049a5846073fd, RBX=0x00000000195aaa40, RCX=0x0000000081000010, RDX=0x00000000ec8dd4f9
RSP=0x0000000025e8df60, RBP=0x00000000000003d8, RSI=0x000000001e177a20, RDI=0x000000001cc2e800
R8 =0x0000000000000579, R9 =0x00000000ebc9aca8, R10=0x00000000ec8dd4f9, R11=0x00000000200a6212
R12=0x000000001e177a30, R13=0x000000001e177e08, R14=0x0000000000000005, R15=0x000000001cc2e800
RIP=0x0000000051755dd5, EFLAGS=0x0000000000010202

Top of Stack: (sp=0x0000000025e8df60)
0x0000000025e8df60:   00000000ebc98c98 0000200000000000
0x0000000025e8df70:   00000000ebc944c0 00000000ec8f9300
0x0000000025e8df80:   00000000ebc98c68 0000000000000020
0x0000000025e8df90:   00000000ebc98bd0 0000000005581520
0x0000000025e8dfa0:   000000010000d838 000049a5846073fd
0x0000000025e8dfb0:   00000000195aaa40 0000000051a7cadb
0x0000000025e8dfc0:   0000000000002000 0000000024a982f0
0x0000000025e8dfd0:   00000000a01a87a8 0000000025e8dff0
0x0000000025e8dfe0:   0000000000000002 0000000000000000
0x0000000025e8dff0:   00000001000016d0 000000000329c92a
0x0000000025e8e000:   000000001cc2e800 0000000000001368
0x0000000025e8e010:   0000000025e8e1f0 0000000027c223e8
0x0000000025e8e020:   000000002574af00 0000000000000000
0x0000000025e8e030:   0000000000000000 00000000ebc98c68
0x0000000025e8e040:   0000000000000000 0000000000000000
0x0000000025e8e050:   0000000000000000 00000000ec8d5670 

Instructions: (pc=0x0000000051755dd5)
0x0000000051755db5:   00 00 48 8b 00 c3 cc cc cc cc cc 40 53 48 83 ec
0x0000000051755dc5:   50 48 8b 05 b3 ba 6c 00 48 33 c4 48 89 44 24 48
0x0000000051755dd5:   83 79 08 00 48 8b d9 0f 8e b9 00 00 00 0f b6 81
0x0000000051755de5:   0e 01 00 00 c0 e8 03 a8 01 0f 84 a7 00 00 00 48 


Register to memory mapping:

RAX=0x000049a5846073fd is an unknown value
RBX=0x00000000195aaa40 is an unknown value
RCX=0x0000000081000010 is an unknown value
RDX=0x00000000ec8dd4f9 is an unknown value
RSP=0x0000000025e8df60 is pointing into the stack for thread: 0x000000001cc2e800
RBP=0x00000000000003d8 is an unknown value
RSI=0x000000001e177a20 is an unknown value
RDI=0x000000001cc2e800 is a thread
R8 =0x0000000000000579 is an unknown value
R9 =0x00000000ebc9aca8 is an oop
java.io.BufferedWriter 
 - klass: 'java/io/BufferedWriter'
R10=0x00000000ec8dd4f9 is an unknown value
R11=0x00000000200a6212 is pointing into metadata
R12=0x000000001e177a30 is an unknown value
R13=0x000000001e177e08 is an unknown value
R14=0x0000000000000005 is an unknown value
R15=0x000000001cc2e800 is a thread


Stack: [0x0000000025d90000,0x0000000025e90000],  sp=0x0000000025e8df60,  free space=1015k
Native frames: (J=compiled Java code, j=interpreted, Vv=VM code, C=native code)
V  [jvm.dll+0x125dd5]
V  [jvm.dll+0x44cadb]
C  0x000000000329c92a

Java frames: (J=compiled Java code, j=interpreted, Vv=VM code)
v  ~RuntimeStub::throw_class_cast_exception Runtime1 stub
J 14387 C1 com.android.builder.internal.aapt.v2.Aapt2DaemonUtil.request(Ljava/io/Writer;Ljava/lang/String;Ljava/lang/Iterable;)V (70 bytes) @ 0x00000000057a461a [0x00000000057a3d60+0x8ba]
j  com.android.builder.internal.aapt.v2.Aapt2DaemonUtil.requestLink(Ljava/io/Writer;Lcom/android/builder/internal/aapt/AaptPackageConfig;)V+24
j  com.android.builder.internal.aapt.v2.Aapt2DaemonImpl.doLink(Lcom/android/builder/internal/aapt/AaptPackageConfig;Lcom/android/utils/ILogger;)V+53
j  com.android.builder.internal.aapt.v2.Aapt2Daemon.link(Lcom/android/builder/internal/aapt/AaptPackageConfig;Lcom/android/utils/ILogger;)V+20
j  com.android.builder.internal.aapt.v2.Aapt2DaemonManager$LeasedAaptDaemon.link(Lcom/android/builder/internal/aapt/AaptPackageConfig;Lcom/android/utils/ILogger;)V+34
j  com.android.build.gradle.internal.res.Aapt2ProcessResourcesRunnableKt.processResources(Lcom/android/builder/internal/aapt/v2/Aapt2;Lcom/android/builder/internal/aapt/AaptPackageConfig;Ljava/io/File;Lcom/android/utils/ILogger;)V+22
j  com.android.build.gradle.internal.res.LinkApplicationAndroidResourcesTask$AaptSplitInvoker.invokeAaptForSplit(Lcom/android/build/gradle/internal/res/LinkApplicationAndroidResourcesTask$AaptSplitInvokerParams;)V+791
j  com.android.build.gradle.internal.res.LinkApplicationAndroidResourcesTask$AaptSplitInvoker.run()V+6
j  com.android.build.gradle.internal.tasks.Workers$ActionFacade.run()V+129
j  org.gradle.workers.internal.AdapterWorkAction.execute()V+51
j  org.gradle.workers.internal.DefaultWorkerServer.execute(Lorg/gradle/workers/internal/ActionExecutionSpec;)Lorg/gradle/workers/internal/DefaultWorkResult;+117
J 29854 C1 org.gradle.workers.internal.NoIsolationWorkerFactory$1$1$1.create()Ljava/lang/Object; (5 bytes) @ 0x0000000007d26604 [0x0000000007d264c0+0x144]
J 23690 C1 org.gradle.internal.classloader.ClassLoaderUtils.executeInClassloader(Ljava/lang/ClassLoader;Lorg/gradle/internal/Factory;)Ljava/lang/Object; (42 bytes) @ 0x000000000426443c [0x0000000004263760+0xcdc]
j  org.gradle.workers.internal.NoIsolationWorkerFactory$1$1.execute(Lorg/gradle/workers/internal/ActionExecutionSpec;)Lorg/gradle/workers/internal/DefaultWorkResult;+16
J 29853 C1 org.gradle.workers.internal.AbstractWorker$1.call(Lorg/gradle/internal/operations/BuildOperationContext;)Ljava/lang/Object; (6 bytes) @ 0x0000000007d2e044 [0x0000000007d2df20+0x124]
J 24900 C2 org.gradle.internal.operations.DefaultBuildOperationExecutor$1.execute(Lorg/gradle/internal/operations/BuildOperationDescriptor;Lorg/gradle/internal/operations/DefaultBuildOperationExecutor$DefaultBuildOperationContext;Lorg/gradle/internal/operations/DefaultBuildOperationExecutor$BuildOperationExecutionListener;)Lorg/gradle/internal/operations/BuildOperation; (82 bytes) @ 0x000000000716cc0c [0x000000000716cb40+0xcc]
J 20832 C2 org.gradle.internal.operations.DelegatingBuildOperationExecutor.call(Lorg/gradle/internal/operations/CallableBuildOperation;)Ljava/lang/Object; (11 bytes) @ 0x00000000065d54e4 [0x00000000065d4d00+0x7e4]
j  org.gradle.workers.internal.AbstractWorker.executeWrappedInBuildOperation(Lorg/gradle/workers/internal/ActionExecutionSpec;Lorg/gradle/internal/operations/BuildOperationRef;Lorg/gradle/workers/internal/AbstractWorker$Work;)Lorg/gradle/workers/internal/DefaultWorkResult;+15
j  org.gradle.workers.internal.NoIsolationWorkerFactory$1.execute(Lorg/gradle/workers/internal/ActionExecutionSpec;Lorg/gradle/internal/operations/BuildOperationRef;)Lorg/gradle/workers/internal/DefaultWorkResult;+11
j  org.gradle.workers.internal.DefaultWorkerExecutor$3.call()Lorg/gradle/workers/internal/DefaultWorkResult;+23
j  org.gradle.workers.internal.DefaultWorkerExecutor$3.call()Ljava/lang/Object;+1
J 6617 C1 java.util.concurrent.FutureTask.run()V (126 bytes) @ 0x000000000444ffcc [0x000000000444fd80+0x24c]
j  org.gradle.internal.work.DefaultConditionalExecutionQueue$ExecutionRunner.runExecution(Lorg/gradle/internal/work/ConditionalExecution;)V+6
j  org.gradle.internal.work.DefaultConditionalExecutionQueue$ExecutionRunner.runBatch(Lorg/gradle/internal/work/ConditionalExecution;)V+8
j  org.gradle.internal.work.DefaultConditionalExecutionQueue$ExecutionRunner.run()V+11
J 27126 C2 java.util.concurrent.Executors$RunnableAdapter.call()Ljava/lang/Object; (14 bytes) @ 0x00000000055ca288 [0x00000000055ca240+0x48]
J 6617 C1 java.util.concurrent.FutureTask.run()V (126 bytes) @ 0x000000000444ffcc [0x000000000444fd80+0x24c]
J 25389 C2 org.gradle.internal.concurrent.ManagedExecutorImpl$1.run()V (59 bytes) @ 0x00000000072844d0 [0x0000000007284320+0x1b0]
J 21587 C1 java.util.concurrent.ThreadPoolExecutor.runWorker(Ljava/util/concurrent/ThreadPoolExecutor$Worker;)V (225 bytes) @ 0x0000000006079124 [0x00000000060780e0+0x1044]
J 24459 C1 java.util.concurrent.ThreadPoolExecutor$Worker.run()V (9 bytes) @ 0x0000000004b3ddc4 [0x0000000004b3dcc0+0x104]
J 24917 C1 org.gradle.internal.concurrent.ThreadFactoryImpl$ManagedThreadRunnable.run()V (13 bytes) @ 0x00000000061f70f4 [0x00000000061f6ba0+0x554]
J 24248 C1 java.lang.Thread.run()V (17 bytes) @ 0x0000000006b667c4 [0x0000000006b66680+0x144]
v  ~StubRoutines::call_stub

---------------  P R O C E S S  ---------------

Java Threads: ( => current thread )
  0x000000001cc37000 JavaThread "WorkerExecutor Queue Thread 2" [_thread_blocked, id=16528, stack(0x00000000273e0000,0x00000000274e0000)]
  0x000000001cc2f800 JavaThread "stdout" [_thread_in_native, id=22252, stack(0x00000000272e0000,0x00000000273e0000)]
  0x000000001cc31800 JavaThread "stderr" [_thread_in_native, id=26472, stack(0x0000000026c90000,0x0000000026d90000)]
  0x000000001cc34800 JavaThread "pool-60-thread-1" [_thread_blocked, id=3968, stack(0x0000000026b90000,0x0000000026c90000)]
=>0x000000001cc2e800 JavaThread "WorkerExecutor Queue" [_thread_in_vm, id=27660, stack(0x0000000025d90000,0x0000000025e90000)]
  0x000000001cc31000 JavaThread "Cache worker for execution history cache (C:\Users\gmati\StudioProjects\MercadolibreTres\.gradle\5.6.4\executionHistory)" [_thread_blocked, id=17100, stack(0x0000000025c90000,0x0000000025d90000)]
  0x000000001d4aa800 JavaThread "Execution worker for ':' Thread 3" [_thread_blocked, id=9748, stack(0x0000000025a90000,0x0000000025b90000)]
  0x000000001d4ac000 JavaThread "Execution worker for ':' Thread 2" [_thread_blocked, id=9560, stack(0x0000000025990000,0x0000000025a90000)]
  0x000000001d4a9800 JavaThread "Execution worker for ':'" [_thread_blocked, id=27108, stack(0x0000000025190000,0x0000000025290000)]
  0x000000001d4a2000 JavaThread "Cache worker for file content cache (C:\Users\gmati\StudioProjects\MercadolibreTres\.gradle\5.6.4\fileContent)" [_thread_blocked, id=25716, stack(0x0000000024e90000,0x0000000024f90000)]
  0x000000001d4a4800 JavaThread "Cache worker for Build Output Cleanup Cache (C:\Users\gmati\StudioProjects\MercadolibreTres\.gradle\buildOutputCleanup)" [_thread_blocked, id=28380, stack(0x0000000024790000,0x0000000024890000)]
  0x000000001d4a3000 JavaThread "Build operations Thread 4" [_thread_blocked, id=25360, stack(0x0000000022840000,0x0000000022940000)]
  0x000000001d4a9000 JavaThread "Build operations Thread 3" [_thread_blocked, id=25532, stack(0x0000000022140000,0x0000000022240000)]
  0x000000001d4a3800 JavaThread "Build operations Thread 2" [_thread_blocked, id=3060, stack(0x0000000022040000,0x0000000022140000)]
  0x000000001d4a1800 JavaThread "Build operations" [_thread_blocked, id=24744, stack(0x0000000021a40000,0x0000000021b40000)]
  0x000000001d4a0800 JavaThread "Cache worker for cache directory md-rule (C:\Users\gmati\.gradle\caches\5.6.4\md-rule)" [_thread_blocked, id=13296, stack(0x000000001ee40000,0x000000001ef40000)]
  0x000000001d4a7800 JavaThread "Cache worker for cache directory md-supplier (C:\Users\gmati\.gradle\caches\5.6.4\md-supplier)" [_thread_blocked, id=5096, stack(0x000000001eb40000,0x000000001ec40000)]
  0x000000001d49d000 JavaThread "Cache worker for file hash cache (C:\Users\gmati\StudioProjects\MercadolibreTres\.gradle\5.6.4\fileHashes)" [_thread_blocked, id=18116, stack(0x000000001c3a0000,0x000000001c4a0000)]
  0x000000001d4a0000 JavaThread "Thread-693" [_thread_blocked, id=25184, stack(0x000000001c0a0000,0x000000001c1a0000)]
  0x000000001d49d800 JavaThread "Stdin handler" [_thread_blocked, id=8476, stack(0x000000001bfa0000,0x000000001c0a0000)]
  0x000000001d49f000 JavaThread "Asynchronous log dispatcher for DefaultDaemonConnection: socket connection from /127.0.0.1:62863 to /127.0.0.1:65172" [_thread_blocked, id=10452, stack(0x000000001bca0000,0x000000001bda0000)]
  0x000000001a6f4800 JavaThread "Daemon worker Thread 25" [_thread_blocked, id=14368, stack(0x000000001bba0000,0x000000001bca0000)]
  0x000000001a6f8800 JavaThread "Cancel handler" [_thread_blocked, id=4456, stack(0x0000000001590000,0x0000000001690000)]
  0x000000001a6f6000 JavaThread "Handler for socket connection from /127.0.0.1:62863 to /127.0.0.1:65172" [_thread_in_native, id=5040, stack(0x0000000001490000,0x0000000001590000)]
  0x000000001a6f2000 JavaThread "Daemon Thread 25" [_thread_blocked, id=10952, stack(0x0000000001390000,0x0000000001490000)]
  0x00000000214f0000 JavaThread "RMI TCP Connection(idle)" daemon [_thread_blocked, id=24056, stack(0x0000000026790000,0x0000000026890000)]
  0x000000001cc34000 JavaThread "RMI Reaper" [_thread_blocked, id=19600, stack(0x00000000275e0000,0x00000000276e0000)]
  0x000000001cc33000 JavaThread "GC Daemon" daemon [_thread_blocked, id=19260, stack(0x00000000274e0000,0x00000000275e0000)]
  0x00000000214ed800 JavaThread "Cache worker for Java compile cache (C:\Users\gmati\.gradle\caches\5.6.4\javaCompile)" [_thread_blocked, id=10776, stack(0x0000000026a90000,0x0000000026b90000)]
  0x000000001cc36000 JavaThread "Java2D Disposer" daemon [_thread_blocked, id=1336, stack(0x0000000027190000,0x0000000027290000)]
  0x000000001cc2c800 JavaThread "RMI TCP Accept-0" daemon [_thread_in_native, id=13308, stack(0x0000000025b90000,0x0000000025c90000)]
  0x000000001cc30000 JavaThread "RMI Scheduler(0)" daemon [_thread_blocked, id=18792, stack(0x0000000025890000,0x0000000025990000)]
  0x000000001cc28800 JavaThread "Cache worker for file content cache (C:\Users\gmati\.gradle\caches\5.6.4\fileContent)" [_thread_blocked, id=27248, stack(0x0000000024430000,0x0000000024530000)]
  0x000000001cc2b000 JavaThread "Memory manager" [_thread_blocked, id=17380, stack(0x0000000022b40000,0x0000000022c40000)]
  0x000000001a6f1800 JavaThread "Cache worker for execution history cache (C:\Users\gmati\.gradle\caches\5.6.4\executionHistory)" [_thread_blocked, id=16372, stack(0x0000000021b40000,0x0000000021c40000)]
  0x000000001a6f4000 JavaThread "Cache worker for journal cache (C:\Users\gmati\.gradle\caches\journal-1)" [_thread_blocked, id=19332, stack(0x000000001c8a0000,0x000000001c9a0000)]
  0x000000001a6f3000 JavaThread "File lock request listener" [_thread_in_native, id=16908, stack(0x000000001c7a0000,0x000000001c8a0000)]
  0x000000001a6f5800 JavaThread "Cache worker for file hash cache (C:\Users\gmati\.gradle\caches\5.6.4\fileHashes)" [_thread_blocked, id=14892, stack(0x000000001c6a0000,0x000000001c7a0000)]
  0x000000001a561800 JavaThread "Daemon periodic checks" [_thread_blocked, id=27824, stack(0x000000001baa0000,0x000000001bba0000)]
  0x000000001a24c000 JavaThread "Incoming local TCP Connector on port 62863" [_thread_in_native, id=26216, stack(0x000000001b860000,0x000000001b960000)]
  0x000000001a14f000 JavaThread "Daemon health stats" [_thread_blocked, id=15808, stack(0x000000001a250000,0x000000001a350000)]
  0x00000000184a8800 JavaThread "Service Thread" daemon [_thread_blocked, id=8316, stack(0x0000000018880000,0x0000000018980000)]
  0x0000000016b1b000 JavaThread "C1 CompilerThread2" daemon [_thread_blocked, id=9760, stack(0x0000000018380000,0x0000000018480000)]
  0x0000000016b13800 JavaThread "C2 CompilerThread1" daemon [_thread_blocked, id=22228, stack(0x0000000018280000,0x0000000018380000)]
  0x0000000016b0d800 JavaThread "C2 CompilerThread0" daemon [_thread_blocked, id=21724, stack(0x0000000018180000,0x0000000018280000)]
  0x0000000016b0c000 JavaThread "Attach Listener" daemon [_thread_blocked, id=26844, stack(0x0000000018080000,0x0000000018180000)]
  0x0000000016b0a800 JavaThread "Signal Dispatcher" daemon [_thread_blocked, id=15852, stack(0x0000000017f80000,0x0000000018080000)]
  0x0000000016afa800 JavaThread "Finalizer" daemon [_thread_blocked, id=9244, stack(0x0000000017d80000,0x0000000017e80000)]
  0x0000000016ad9000 JavaThread "Reference Handler" daemon [_thread_blocked, id=22412, stack(0x0000000017c80000,0x0000000017d80000)]
  0x000000000172e000 JavaThread "main" [_thread_blocked, id=24620, stack(0x0000000002ee0000,0x0000000002fe0000)]

Other Threads:
  0x0000000016ad8000 VMThread [stack: 0x0000000017b80000,0x0000000017c80000] [id=11296]
  0x00000000184ab000 WatcherThread [stack: 0x0000000018980000,0x0000000018a80000] [id=10084]

VM state:not at safepoint (normal execution)

VM Mutex/Monitor currently owned by a thread: None

Heap:
 PSYoungGen      total 366592K, used 288290K [0x00000000e0000000, 0x0000000100000000, 0x0000000100000000)
  eden space 283648K, 72% used [0x00000000e0000000,0x00000000ec904f88,0x00000000f1500000)
  from space 82944K, 99% used [0x00000000f1500000,0x00000000f6583c30,0x00000000f6600000)
  to   space 125440K, 0% used [0x00000000f8580000,0x00000000f8580000,0x0000000100000000)
 ParOldGen       total 229888K, used 48512K [0x00000000a0000000, 0x00000000ae080000, 0x00000000e0000000)
  object space 229888K, 21% used [0x00000000a0000000,0x00000000a2f600e8,0x00000000ae080000)
 Metaspace       used 107425K, capacity 114928K, committed 118272K, reserved 1150976K
  class space    used 14108K, capacity 15329K, committed 16128K, reserved 1048576K

Card table byte_map: [0x0000000012560000,0x0000000012870000] byte_map_base: 0x0000000012060000

Marking Bits: (ParMarkBitMap*) 0x0000000051e52d00
 Begin Bits: [0x0000000012e70000, 0x0000000014670000)
 End Bits:   [0x0000000014670000, 0x0000000015e70000)

Polling page: 0x00000000016d0000

CodeCache: size=245760Kb used=76807Kb max_used=76831Kb free=168952Kb
 bounds [0x00000000031a0000, 0x0000000007d40000, 0x00000000121a0000]
 total_blobs=23355 nmethods=22334 adapters=929
 compilation: enabled

Compilation events (10 events):
Event: 6400.678 Thread 0x0000000016b1b000 29859       3       org.gradle.internal.execution.history.impl.DefaultOutputFilesRepository$1::preVisitDirectory (7 bytes)
Event: 6400.679 Thread 0x0000000016b1b000 nmethod 29859 0x000000000356b790 code [0x000000000356b900, 0x000000000356ba88]
Event: 6400.681 Thread 0x0000000016b1b000 29860       3       sun.security.provider.MD5::<init> (30 bytes)
Event: 6400.682 Thread 0x0000000016b1b000 nmethod 29860 0x00000000037f92d0 code [0x00000000037f9460, 0x00000000037f99d0]
Event: 6400.761 Thread 0x0000000016b1b000 29861       3       org.gradle.workers.internal.NoIsolationWorkerFactory$1$1$1::<init> (15 bytes)
Event: 6400.761 Thread 0x0000000016b1b000 nmethod 29861 0x000000000366fc90 code [0x000000000366fde0, 0x000000000366ffb0]
Event: 6400.763 Thread 0x0000000016b1b000 29862       3       org.gradle.workers.internal.AdapterWorkAction$Inject::getParameters (31 bytes)
Event: 6400.763 Thread 0x0000000016b1b000 nmethod 29862 0x000000000417ca50 code [0x000000000417cc00, 0x000000000417d2d8]
Event: 6401.454 Thread 0x0000000016b0d800 29863       4       com.google.common.collect.ImmutableList$Builder::add (14 bytes)
Event: 6401.467 Thread 0x0000000016b0d800 nmethod 29863 0x0000000007d394d0 code [0x0000000007d39620, 0x0000000007d39c28]

GC Heap History (10 events):
Event: 5065.777 GC heap before
{Heap before GC invocations=56 (full 5):
 PSYoungGen      total 406016K, used 334786K [0x00000000e0000000, 0x00000000ff600000, 0x0000000100000000)
  eden space 310272K, 100% used [0x00000000e0000000,0x00000000f2f00000,0x00000000f2f00000)
  from space 95744K, 25% used [0x00000000f9880000,0x00000000fb070a90,0x00000000ff600000)
  to   space 101888K, 0% used [0x00000000f2f00000,0x00000000f2f00000,0x00000000f9280000)
 ParOldGen       total 229888K, used 48488K [0x00000000a0000000, 0x00000000ae080000, 0x00000000e0000000)
  object space 229888K, 21% used [0x00000000a0000000,0x00000000a2f5a0e8,0x00000000ae080000)
 Metaspace       used 106747K, capacity 113970K, committed 118272K, reserved 1150976K
  class space    used 14041K, capacity 15212K, committed 16128K, reserved 1048576K
Event: 5065.945 GC heap after
Heap after GC invocations=56 (full 5):
 PSYoungGen      total 398336K, used 87771K [0x00000000e0000000, 0x0000000100000000, 0x0000000100000000)
  eden space 310272K, 0% used [0x00000000e0000000,0x00000000e0000000,0x00000000f2f00000)
  from space 88064K, 99% used [0x00000000f2f00000,0x00000000f84b6fb8,0x00000000f8500000)
  to   space 114176K, 0% used [0x00000000f9080000,0x00000000f9080000,0x0000000100000000)
 ParOldGen       total 229888K, used 48496K [0x00000000a0000000, 0x00000000ae080000, 0x00000000e0000000)
  object space 229888K, 21% used [0x00000000a0000000,0x00000000a2f5c0e8,0x00000000ae080000)
 Metaspace       used 106747K, capacity 113970K, committed 118272K, reserved 1150976K
  class space    used 14041K, capacity 15212K, committed 16128K, reserved 1048576K
}
Event: 5596.461 GC heap before
{Heap before GC invocations=57 (full 5):
 PSYoungGen      total 398336K, used 398043K [0x00000000e0000000, 0x0000000100000000, 0x0000000100000000)
  eden space 310272K, 100% used [0x00000000e0000000,0x00000000f2f00000,0x00000000f2f00000)
  from space 88064K, 99% used [0x00000000f2f00000,0x00000000f84b6fb8,0x00000000f8500000)
  to   space 114176K, 0% used [0x00000000f9080000,0x00000000f9080000,0x0000000100000000)
 ParOldGen       total 229888K, used 48496K [0x00000000a0000000, 0x00000000ae080000, 0x00000000e0000000)
  object space 229888K, 21% used [0x00000000a0000000,0x00000000a2f5c0e8,0x00000000ae080000)
 Metaspace       used 106843K, capacity 114034K, committed 118272K, reserved 1150976K
  class space    used 14041K, capacity 15212K, committed 16128K, reserved 1048576K
Event: 5596.641 GC heap after
Heap after GC invocations=57 (full 5):
 PSYoungGen      total 414720K, used 25699K [0x00000000e0000000, 0x0000000100000000, 0x0000000100000000)
  eden space 300544K, 0% used [0x00000000e0000000,0x00000000e0000000,0x00000000f2580000)
  from space 114176K, 22% used [0x00000000f9080000,0x00000000fa998dc0,0x0000000100000000)
  to   space 109568K, 0% used [0x00000000f2580000,0x00000000f2580000,0x00000000f9080000)
 ParOldGen       total 229888K, used 48504K [0x00000000a0000000, 0x00000000ae080000, 0x00000000e0000000)
  object space 229888K, 21% used [0x00000000a0000000,0x00000000a2f5e0e8,0x00000000ae080000)
 Metaspace       used 106843K, capacity 114034K, committed 118272K, reserved 1150976K
  class space    used 14041K, capacity 15212K, committed 16128K, reserved 1048576K
}
Event: 5599.098 GC heap before
{Heap before GC invocations=58 (full 5):
 PSYoungGen      total 414720K, used 326243K [0x00000000e0000000, 0x0000000100000000, 0x0000000100000000)
  eden space 300544K, 100% used [0x00000000e0000000,0x00000000f2580000,0x00000000f2580000)
  from space 114176K, 22% used [0x00000000f9080000,0x00000000fa998dc0,0x0000000100000000)
  to   space 109568K, 0% used [0x00000000f2580000,0x00000000f2580000,0x00000000f9080000)
 ParOldGen       total 229888K, used 48504K [0x00000000a0000000, 0x00000000ae080000, 0x00000000e0000000)
  object space 229888K, 21% used [0x00000000a0000000,0x00000000a2f5e0e8,0x00000000ae080000)
 Metaspace       used 106882K, capacity 114034K, committed 118272K, reserved 1150976K
  class space    used 14042K, capacity 15212K, committed 16128K, reserved 1048576K
Event: 5599.181 GC heap after
Heap after GC invocations=58 (full 5):
 PSYoungGen      total 393728K, used 92766K [0x00000000e0000000, 0x0000000100000000, 0x0000000100000000)
  eden space 300544K, 0% used [0x00000000e0000000,0x00000000e0000000,0x00000000f2580000)
  from space 93184K, 99% used [0x00000000f2580000,0x00000000f8017b58,0x00000000f8080000)
  to   space 121856K, 0% used [0x00000000f8900000,0x00000000f8900000,0x0000000100000000)
 ParOldGen       total 229888K, used 48504K [0x00000000a0000000, 0x00000000ae080000, 0x00000000e0000000)
  object space 229888K, 21% used [0x00000000a0000000,0x00000000a2f5e0e8,0x00000000ae080000)
 Metaspace       used 106882K, capacity 114034K, committed 118272K, reserved 1150976K
  class space    used 14042K, capacity 15212K, committed 16128K, reserved 1048576K
}
Event: 6328.920 GC heap before
{Heap before GC invocations=59 (full 5):
 PSYoungGen      total 393728K, used 393310K [0x00000000e0000000, 0x0000000100000000, 0x0000000100000000)
  eden space 300544K, 100% used [0x00000000e0000000,0x00000000f2580000,0x00000000f2580000)
  from space 93184K, 99% used [0x00000000f2580000,0x00000000f8017b58,0x00000000f8080000)
  to   space 121856K, 0% used [0x00000000f8900000,0x00000000f8900000,0x0000000100000000)
 ParOldGen       total 229888K, used 48504K [0x00000000a0000000, 0x00000000ae080000, 0x00000000e0000000)
  object space 229888K, 21% used [0x00000000a0000000,0x00000000a2f5e0e8,0x00000000ae080000)
 Metaspace       used 107289K, capacity 114774K, committed 118272K, reserved 1150976K
  class space    used 14099K, capacity 15314K, committed 16128K, reserved 1048576K
Event: 6329.020 GC heap after
Heap after GC invocations=59 (full 5):
 PSYoungGen      total 405504K, used 21945K [0x00000000e0000000, 0x0000000100000000, 0x0000000100000000)
  eden space 283648K, 0% used [0x00000000e0000000,0x00000000e0000000,0x00000000f1500000)
  from space 121856K, 18% used [0x00000000f8900000,0x00000000f9e6e5b8,0x0000000100000000)
  to   space 118784K, 0% used [0x00000000f1500000,0x00000000f1500000,0x00000000f8900000)
 ParOldGen       total 229888K, used 48512K [0x00000000a0000000, 0x00000000ae080000, 0x00000000e0000000)
  object space 229888K, 21% used [0x00000000a0000000,0x00000000a2f600e8,0x00000000ae080000)
 Metaspace       used 107289K, capacity 114774K, committed 118272K, reserved 1150976K
  class space    used 14099K, capacity 15314K, committed 16128K, reserved 1048576K
}
Event: 6335.939 GC heap before
{Heap before GC invocations=60 (full 5):
 PSYoungGen      total 405504K, used 305593K [0x00000000e0000000, 0x0000000100000000, 0x0000000100000000)
  eden space 283648K, 100% used [0x00000000e0000000,0x00000000f1500000,0x00000000f1500000)
  from space 121856K, 18% used [0x00000000f8900000,0x00000000f9e6e5b8,0x0000000100000000)
  to   space 118784K, 0% used [0x00000000f1500000,0x00000000f1500000,0x00000000f8900000)
 ParOldGen       total 229888K, used 48512K [0x00000000a0000000, 0x00000000ae080000, 0x00000000e0000000)
  object space 229888K, 21% used [0x00000000a0000000,0x00000000a2f600e8,0x00000000ae080000)
 Metaspace       used 107317K, capacity 114774K, committed 118272K, reserved 1150976K
  class space    used 14099K, capacity 15314K, committed 16128K, reserved 1048576K
Event: 6336.017 GC heap after
Heap after GC invocations=60 (full 5):
 PSYoungGen      total 366592K, used 82447K [0x00000000e0000000, 0x0000000100000000, 0x0000000100000000)
  eden space 283648K, 0% used [0x00000000e0000000,0x00000000e0000000,0x00000000f1500000)
  from space 82944K, 99% used [0x00000000f1500000,0x00000000f6583c30,0x00000000f6600000)
  to   space 125440K, 0% used [0x00000000f8580000,0x00000000f8580000,0x0000000100000000)
 ParOldGen       total 229888K, used 48512K [0x00000000a0000000, 0x00000000ae080000, 0x00000000e0000000)
  object space 229888K, 21% used [0x00000000a0000000,0x00000000a2f600e8,0x00000000ae080000)
 Metaspace       used 107317K, capacity 114774K, committed 118272K, reserved 1150976K
  class space    used 14099K, capacity 15314K, committed 16128K, reserved 1048576K
}

Deoptimization events (10 events):
Event: 5764.258 Thread 0x00000000214f2000 Uncommon trap: reason=class_check action=maybe_recompile pc=0x0000000007bf7644 method=com.sun.org.apache.xerces.internal.dom.NamedNodeMapImpl.getNamedItem(Ljava/lang/String;)Lorg/w3c/dom/Node; @ 28
Event: 5769.711 Thread 0x00000000214f2000 Uncommon trap: reason=unstable_if action=reinterpret pc=0x0000000004f8b5ec method=org.gradle.internal.fingerprint.impl.DefaultFileSystemLocationFingerprint.compareTo(Lorg/gradle/internal/fingerprint/FileSystemLocationFingerprint;)I @ 15
Event: 5773.516 Thread 0x000000001cc2f800 Uncommon trap: reason=unstable_if action=reinterpret pc=0x0000000004bf6294 method=java.util.concurrent.ThreadPoolExecutor.getTask()Ljava/lang/Runnable; @ 34
Event: 6333.723 Thread 0x000000001cc37000 Uncommon trap: reason=unstable_if action=reinterpret pc=0x0000000006529f2c method=org.gradle.cache.internal.btree.BTreePersistentIndexedCache$DataBlock.useNewValue(Ljava/lang/Object;)Lorg/gradle/cache/internal/btree/BTreePersistentIndexedCache$DataBlockUp
Event: 6333.723 Thread 0x000000001cc37000 Uncommon trap: reason=bimorphic action=maybe_recompile pc=0x00000000057f74b4 method=java.util.Collections.indexedBinarySearch(Ljava/util/List;Ljava/lang/Object;)I @ 39
Event: 6333.723 Thread 0x000000001cc37000 Uncommon trap: reason=bimorphic action=maybe_recompile pc=0x00000000057f74b4 method=java.util.Collections.indexedBinarySearch(Ljava/util/List;Ljava/lang/Object;)I @ 39
Event: 6333.836 Thread 0x000000001cc37000 Uncommon trap: reason=bimorphic action=maybe_recompile pc=0x00000000057f74b4 method=java.util.Collections.indexedBinarySearch(Ljava/util/List;Ljava/lang/Object;)I @ 39
Event: 6400.209 Thread 0x000000001a6f4800 Uncommon trap: reason=class_check action=maybe_recompile pc=0x0000000007bf7644 method=com.sun.org.apache.xerces.internal.dom.NamedNodeMapImpl.getNamedItem(Ljava/lang/String;)Lorg/w3c/dom/Node; @ 28
Event: 6400.209 Thread 0x000000001a6f4800 Uncommon trap: reason=class_check action=maybe_recompile pc=0x0000000007bf7644 method=com.sun.org.apache.xerces.internal.dom.NamedNodeMapImpl.getNamedItem(Ljava/lang/String;)Lorg/w3c/dom/Node; @ 28
Event: 6400.209 Thread 0x000000001a6f4800 Uncommon trap: reason=class_check action=maybe_recompile pc=0x0000000007bf7644 method=com.sun.org.apache.xerces.internal.dom.NamedNodeMapImpl.getNamedItem(Ljava/lang/String;)Lorg/w3c/dom/Node; @ 28

Classes redefined (0 events):
No events

Internal exceptions (10 events):
Event: 6334.400 Thread 0x00000000214f0800 Exception <a 'sun/nio/fs/WindowsException'> (0x00000000e52bbc60) thrown at [C:\re\workspace\8-2-build-windows-amd64-cygwin\jdk8u181\11358\hotspot\src\share\vm\prims\jni.cpp, line 709]
Event: 6334.405 Thread 0x00000000214f0800 Exception <a 'sun/nio/fs/WindowsException'> (0x00000000e53c90e8) thrown at [C:\re\workspace\8-2-build-windows-amd64-cygwin\jdk8u181\11358\hotspot\src\share\vm\prims\jni.cpp, line 709]
Event: 6334.409 Thread 0x00000000214f0800 Exception <a 'sun/nio/fs/WindowsException'> (0x00000000e53d2cc0) thrown at [C:\re\workspace\8-2-build-windows-amd64-cygwin\jdk8u181\11358\hotspot\src\share\vm\prims\jni.cpp, line 709]
Event: 6334.413 Thread 0x00000000214f0800 Exception <a 'sun/nio/fs/WindowsException'> (0x00000000e53dc8d0) thrown at [C:\re\workspace\8-2-build-windows-amd64-cygwin\jdk8u181\11358\hotspot\src\share\vm\prims\jni.cpp, line 709]
Event: 6334.418 Thread 0x00000000214f0800 Exception <a 'sun/nio/fs/WindowsException'> (0x00000000e53e5628) thrown at [C:\re\workspace\8-2-build-windows-amd64-cygwin\jdk8u181\11358\hotspot\src\share\vm\prims\jni.cpp, line 709]
Event: 6334.427 Thread 0x00000000214f0800 Exception <a 'sun/nio/fs/WindowsException'> (0x00000000e53f51c0) thrown at [C:\re\workspace\8-2-build-windows-amd64-cygwin\jdk8u181\11358\hotspot\src\share\vm\prims\jni.cpp, line 709]
Event: 6334.434 Thread 0x00000000214f0800 Exception <a 'sun/nio/fs/WindowsException'> (0x00000000e550a098) thrown at [C:\re\workspace\8-2-build-windows-amd64-cygwin\jdk8u181\11358\hotspot\src\share\vm\prims\jni.cpp, line 709]
Event: 6335.260 Thread 0x000000001a6f4800 Exception <a 'sun/nio/fs/WindowsException'> (0x00000000e65102d8) thrown at [C:\re\workspace\8-2-build-windows-amd64-cygwin\jdk8u181\11358\hotspot\src\share\vm\prims\jni.cpp, line 709]
Event: 6336.300 Thread 0x000000001a6f6000 Exception <a 'sun/nio/fs/WindowsException'> (0x00000000e3e6db38) thrown at [C:\re\workspace\8-2-build-windows-amd64-cygwin\jdk8u181\11358\hotspot\src\share\vm\prims\jni.cpp, line 709]
Event: 6336.677 Thread 0x000000001d4a1800 Exception <a 'sun/nio/fs/WindowsException'> (0x00000000e5954e50) thrown at [C:\re\workspace\8-2-build-windows-amd64-cygwin\jdk8u181\11358\hotspot\src\share\vm\prims\jni.cpp, line 709]

Events (10 events):
Event: 6400.628 Executing VM operation: RevokeBias done
Event: 6400.653 Thread 0x0000000016b1b000 flushing nmethod 0x000000000356b790
Event: 6400.654 Thread 0x0000000016b1b000 flushing nmethod 0x000000000366fb90
Event: 6400.655 Thread 0x0000000016b1b000 flushing nmethod 0x00000000037f7b90
Event: 6400.680 Thread 0x0000000016b1b000 flushing nmethod 0x0000000003e50b90
Event: 6400.682 Thread 0x0000000016b1b000 flushing nmethod 0x000000000417c090
Event: 6400.760 Thread 0x000000001cc37000 Thread added: 0x000000001cc37000
Event: 6400.762 Executing VM operation: RevokeBias
Event: 6400.762 Executing VM operation: RevokeBias done
Event: 6401.469 Thread 0x0000000016b0d800 flushing nmethod 0x0000000004dba410


Dynamic libraries:
0x00007ff71a180000 - 0x00007ff71a1b7000 	C:\Program Files\Java\jdk1.8.0_181\bin\java.exe
0x00007ffd08000000 - 0x00007ffd081f0000 	C:\WINDOWS\SYSTEM32\ntdll.dll
0x00007ffd06b90000 - 0x00007ffd06c42000 	C:\WINDOWS\System32\KERNEL32.DLL
0x00007ffd05130000 - 0x00007ffd053d4000 	C:\WINDOWS\System32\KERNELBASE.dll
0x00007ffd06e00000 - 0x00007ffd06ea3000 	C:\WINDOWS\System32\ADVAPI32.dll
0x00007ffd06ee0000 - 0x00007ffd06f7e000 	C:\WINDOWS\System32\msvcrt.dll
0x00007ffd06ac0000 - 0x00007ffd06b57000 	C:\WINDOWS\System32\sechost.dll
0x00007ffd06f80000 - 0x00007ffd070a0000 	C:\WINDOWS\System32\RPCRT4.dll
0x00007ffd072d0000 - 0x00007ffd07464000 	C:\WINDOWS\System32\USER32.dll
0x00007ffd05b60000 - 0x00007ffd05b81000 	C:\WINDOWS\System32\win32u.dll
0x00007ffd06a90000 - 0x00007ffd06ab6000 	C:\WINDOWS\System32\GDI32.dll
0x00007ffd04f90000 - 0x00007ffd05125000 	C:\WINDOWS\System32\gdi32full.dll
0x00007ffd05f90000 - 0x00007ffd0602e000 	C:\WINDOWS\System32\msvcp_win.dll
0x00007ffd05e90000 - 0x00007ffd05f8a000 	C:\WINDOWS\System32\ucrtbase.dll
0x00007ffcfd3c0000 - 0x00007ffcfd644000 	C:\WINDOWS\WinSxS\amd64_microsoft.windows.common-controls_6595b64144ccf1df_6.0.18362.900_none_e6beb9d913147d17\COMCTL32.dll
0x00007ffd074e0000 - 0x00007ffd07815000 	C:\WINDOWS\System32\combase.dll
0x00007ffd06030000 - 0x00007ffd060b0000 	C:\WINDOWS\System32\bcryptPrimitives.dll
0x00007ffd06b60000 - 0x00007ffd06b8e000 	C:\WINDOWS\System32\IMM32.DLL
0x0000000053170000 - 0x0000000053242000 	C:\Program Files\Java\jdk1.8.0_181\jre\bin\msvcr100.dll
0x0000000051630000 - 0x0000000051ed2000 	C:\Program Files\Java\jdk1.8.0_181\jre\bin\server\jvm.dll
0x00007ffd074d0000 - 0x00007ffd074d8000 	C:\WINDOWS\System32\PSAPI.DLL
0x00007ffd01740000 - 0x00007ffd01764000 	C:\WINDOWS\SYSTEM32\WINMM.dll
0x00007ffcfffd0000 - 0x00007ffcfffda000 	C:\WINDOWS\SYSTEM32\VERSION.dll
0x00007ffcfc000000 - 0x00007ffcfc009000 	C:\WINDOWS\SYSTEM32\WSOCK32.dll
0x00007ffd06d80000 - 0x00007ffd06def000 	C:\WINDOWS\System32\WS2_32.dll
0x00007ffd01680000 - 0x00007ffd016ad000 	C:\WINDOWS\SYSTEM32\winmmbase.dll
0x00007ffd05e40000 - 0x00007ffd05e8a000 	C:\WINDOWS\System32\cfgmgr32.dll
0x0000000054a70000 - 0x0000000054a7f000 	C:\Program Files\Java\jdk1.8.0_181\jre\bin\verify.dll
0x0000000053a30000 - 0x0000000053a59000 	C:\Program Files\Java\jdk1.8.0_181\jre\bin\java.dll
0x00000000545f0000 - 0x0000000054606000 	C:\Program Files\Java\jdk1.8.0_181\jre\bin\zip.dll
0x00007ffd078d0000 - 0x00007ffd07fb6000 	C:\WINDOWS\System32\SHELL32.dll
0x00007ffd07820000 - 0x00007ffd078c9000 	C:\WINDOWS\System32\shcore.dll
0x00007ffd053e0000 - 0x00007ffd05b60000 	C:\WINDOWS\System32\windows.storage.dll
0x00007ffd04ed0000 - 0x00007ffd04ef3000 	C:\WINDOWS\System32\profapi.dll
0x00007ffd04f20000 - 0x00007ffd04f6a000 	C:\WINDOWS\System32\powrprof.dll
0x00007ffd04ec0000 - 0x00007ffd04ed0000 	C:\WINDOWS\System32\UMPDC.dll
0x00007ffd07470000 - 0x00007ffd074c2000 	C:\WINDOWS\System32\shlwapi.dll
0x00007ffd04f70000 - 0x00007ffd04f81000 	C:\WINDOWS\System32\kernel.appcore.dll
0x00007ffd05e20000 - 0x00007ffd05e37000 	C:\WINDOWS\System32\cryptsp.dll
0x00000000533d0000 - 0x00000000533ea000 	C:\Program Files\Java\jdk1.8.0_181\jre\bin\net.dll
0x00007ffd046d0000 - 0x00007ffd04737000 	C:\WINDOWS\system32\mswsock.dll
0x00000000532d0000 - 0x00000000532e1000 	C:\Program Files\Java\jdk1.8.0_181\jre\bin\nio.dll
0x00007ffcfc170000 - 0x00007ffcfc196000 	C:\Users\gmati\.gradle\native\30\windows-amd64\native-platform.dll
0x0000000053c50000 - 0x0000000053c5d000 	C:\Program Files\Java\jdk1.8.0_181\jre\bin\management.dll
0x00007ffd04240000 - 0x00007ffd04273000 	C:\WINDOWS\system32\rsaenh.dll
0x00007ffd05d90000 - 0x00007ffd05db6000 	C:\WINDOWS\System32\bcrypt.dll
0x00007ffd04de0000 - 0x00007ffd04e05000 	C:\WINDOWS\SYSTEM32\USERENV.dll
0x00007ffd048a0000 - 0x00007ffd048ac000 	C:\WINDOWS\SYSTEM32\CRYPTBASE.dll
0x00007ffd043e0000 - 0x00007ffd0441a000 	C:\WINDOWS\SYSTEM32\IPHLPAPI.DLL
0x00007ffd06eb0000 - 0x00007ffd06eb8000 	C:\WINDOWS\System32\NSI.dll
0x00007ffcff390000 - 0x00007ffcff3a6000 	C:\WINDOWS\SYSTEM32\dhcpcsvc6.DLL
0x00007ffcff370000 - 0x00007ffcff38c000 	C:\WINDOWS\SYSTEM32\dhcpcsvc.DLL
0x00007ffd04420000 - 0x00007ffd044eb000 	C:\WINDOWS\SYSTEM32\DNSAPI.dll
0x00007ffd00570000 - 0x00007ffd0058e000 	C:\Users\gmati\AppData\Local\Temp\native-platform7753116721952657916dir\native-platform.dll
0x0000000051490000 - 0x0000000051629000 	C:\Program Files\Java\jdk1.8.0_181\jre\bin\awt.dll
0x00007ffd06110000 - 0x00007ffd061d5000 	C:\WINDOWS\System32\OLEAUT32.dll
0x00007ffd02d30000 - 0x00007ffd02dbf000 	C:\WINDOWS\SYSTEM32\apphelp.dll
0x00007ffd03400000 - 0x00007ffd0342d000 	C:\WINDOWS\system32\DWMAPI.DLL
0x00007ffd02e00000 - 0x00007ffd02e99000 	C:\WINDOWS\system32\uxtheme.dll
0x00000000532a0000 - 0x00000000532ca000 	C:\Program Files\Java\jdk1.8.0_181\jre\bin\dcpr.dll
0x00007ffd03790000 - 0x00007ffd03984000 	C:\WINDOWS\SYSTEM32\dbghelp.dll

VM Arguments:
jvm_args: -Xmx1536m -Dfile.encoding=windows-1252 -Duser.country=US -Duser.language=en -Duser.variant 
java_command: org.gradle.launcher.daemon.bootstrap.GradleDaemon 5.6.4
java_class_path (initial): C:\Users\gmati\.gradle\wrapper\dists\gradle-5.6.4-all\ankdp27end7byghfw1q2sw75f\gradle-5.6.4\lib\gradle-launcher-5.6.4.jar
Launcher Type: SUN_STANDARD

Environment Variables:
JAVA_HOME=C:\Program Files\Java\jdk1.8.0_181
CLASSPATH=.
PATH=C:\Program Files\Java\jdk1.8.0_181\bin;C:\Program Files\Git\cmd;C:\Program Files (x86)\Brackets\command;C:\WINDOWS\system32;C:\WINDOWS;C:\WINDOWS\System32\Wbem;C:\WINDOWS\System32\WindowsPowerShell\v1.0\;C:\WINDOWS\System32\OpenSSH\;"C:\Program Files\Java\jdk1.8.0_181\bin;";C:\Users\gmati\AppData\Local\Microsoft\WindowsApps;
USERNAME=gmati
OS=Windows_NT
PROCESSOR_IDENTIFIER=Intel64 Family 6 Model 142 Stepping 9, GenuineIntel



---------------  S Y S T E M  ---------------

OS: Windows 10.0 , 64 bit Build 18362 (10.0.18362.900)

CPU:total 4 (initial active 4) (2 cores per cpu, 2 threads per core) family 6 model 142 stepping 9, cmov, cx8, fxsr, mmx, sse, sse2, sse3, ssse3, sse4.1, sse4.2, popcnt, avx, avx2, aes, clmul, erms, 3dnowpref, lzcnt, ht, tsc, tscinvbit, bmi1, bmi2, adx

Memory: 4k page, physical 8258212k(856328k free), swap 13238948k(3104076k free)

vm_info: Java HotSpot(TM) 64-Bit Server VM (25.181-b13) for windows-amd64 JRE (1.8.0_181-b13), built on Jul  7 2018 04:01:33 by "java_re" with MS VC++ 10.0 (VS2010)

time: Tue Jun 23 14:45:16 2020
elapsed time: 6402 seconds (0d 1h 46m 42s)

